2024-02-03 12:03:53,029 [INFO] Activator:176 - 


2024-02-03 12:03:53,033 [INFO] Activator:177 - !SESSION log4j initialized
2024-02-03 12:03:56,209 [INFO] LogOutputStream:77 - [STDOUT_REDIRECT] 
2024-02-03 12:03:59,295 [INFO] ApplicationProperties:184 - Using Application install path: C:\ST\STM32CubeIDE_1.14.0\STM32CubeIDE\plugins\com.st.stm32cube.common.mx_6.10.0.202311202037
2024-02-03 12:03:59,323 [INFO] DbMcusXml:78 - Set database path to: C:\ST\STM32CubeIDE_1.14.0\STM32CubeIDE\plugins\com.st.stm32cube.common.mx_6.10.0.202311202037\\db\/mcu/
2024-02-03 12:03:59,323 [INFO] ApiDb:274 - Set plugin database path to: C:\ST\STM32CubeIDE_1.14.0\STM32CubeIDE\plugins\com.st.stm32cube.common.mx_6.10.0.202311202037\\db\/plugins/boardmanager/
2024-02-03 12:03:59,324 [WARN] ApiDb:259 - Overriding images path with different value:  => C:\ST\STM32CubeIDE_1.14.0\STM32CubeIDE\plugins\com.st.stm32cube.common.mx_6.10.0.202311202037\\db\/plugins/mcufinder/images/
2024-02-03 12:03:59,339 [INFO] ApiDb:250 - Set database path to: C:\Users\ravis\.stmcufinder\plugins\mcufinder//mcu/
2024-02-03 12:03:59,341 [INFO] DbMcusAds:125 - Set database path to: C:\Users\ravis\.stmcufinder\plugins\mcufinder//mcu/
2024-02-03 12:03:59,343 [INFO] CrossReferenceDbSqlite:203 - Set database path to: C:\Users\ravis\.stmcufinder\plugins\mcufinder//mcu/cs/
2024-02-03 12:03:59,513 [INFO] RulesReader:64 - Compatibility file has been processed (297 Rules)
2024-02-03 12:03:59,644 [INFO] DbMcusXml:78 - Set database path to: C:\ST\STM32CubeIDE_1.14.0\STM32CubeIDE\plugins\com.st.stm32cube.common.mx_6.10.0.202311202037\\db\/mcu/
2024-02-03 12:03:59,644 [INFO] ApiDb:274 - Set plugin database path to: C:\ST\STM32CubeIDE_1.14.0\STM32CubeIDE\plugins\com.st.stm32cube.common.mx_6.10.0.202311202037\\db\/plugins/boardmanager/
2024-02-03 12:03:59,644 [INFO] ApiDb:261 - Set plugin images path to: C:\ST\STM32CubeIDE_1.14.0\STM32CubeIDE\plugins\com.st.stm32cube.common.mx_6.10.0.202311202037\\db\/plugins/mcufinder/images/
2024-02-03 12:03:59,644 [WARN] DbFile:41 - Overriding database path with different value: C:\Users\ravis\.stmcufinder\plugins\mcufinder/ => C:\Users\ravis\.stmcufinder\plugins\mcufinder
2024-02-03 12:03:59,645 [INFO] ApiDb:250 - Set database path to: C:\Users\ravis\.stmcufinder\plugins\mcufinder//mcu/
2024-02-03 12:03:59,645 [WARN] DbFile:41 - Overriding database path with different value: C:\Users\ravis\.stmcufinder\plugins\mcufinder/ => C:\Users\ravis\.stmcufinder\plugins\mcufinder
2024-02-03 12:03:59,645 [INFO] DbMcusAds:125 - Set database path to: C:\Users\ravis\.stmcufinder\plugins\mcufinder//mcu/
2024-02-03 12:03:59,645 [WARN] DbFile:41 - Overriding database path with different value: C:\Users\ravis\.stmcufinder\plugins\mcufinder/ => C:\Users\ravis\.stmcufinder\plugins\mcufinder
2024-02-03 12:03:59,645 [WARN] DbFile:41 - Overriding database path with different value: C:\Users\ravis\.stmcufinder\plugins\mcufinder/ => C:\Users\ravis\.stmcufinder\plugins\mcufinder
2024-02-03 12:03:59,645 [INFO] CrossReferenceDbSqlite:203 - Set database path to: C:\Users\ravis\.stmcufinder\plugins\mcufinder//mcu/cs/
2024-02-03 12:03:59,750 [INFO] MainPanel:264 - HeapMemory: 268435456
2024-02-03 12:03:59,834 [INFO] DbMcusXml:78 - Set database path to: C:\ST\STM32CubeIDE_1.14.0\STM32CubeIDE\plugins\com.st.stm32cube.common.mx_6.10.0.202311202037\\db\/mcu/
2024-02-03 12:03:59,835 [INFO] ApiDb:274 - Set plugin database path to: C:\ST\STM32CubeIDE_1.14.0\STM32CubeIDE\plugins\com.st.stm32cube.common.mx_6.10.0.202311202037\\db\/plugins/boardmanager/
2024-02-03 12:03:59,835 [INFO] ApiDb:261 - Set plugin images path to: C:\ST\STM32CubeIDE_1.14.0\STM32CubeIDE\plugins\com.st.stm32cube.common.mx_6.10.0.202311202037\\db\/plugins/mcufinder/images/
2024-02-03 12:03:59,835 [WARN] DbFile:41 - Overriding database path with different value: C:\Users\ravis\.stmcufinder\plugins\mcufinder/ => C:\Users\ravis\.stmcufinder\plugins\mcufinder
2024-02-03 12:03:59,835 [INFO] ApiDb:250 - Set database path to: C:\Users\ravis\.stmcufinder\plugins\mcufinder//mcu/
2024-02-03 12:03:59,835 [WARN] DbFile:41 - Overriding database path with different value: C:\Users\ravis\.stmcufinder\plugins\mcufinder/ => C:\Users\ravis\.stmcufinder\plugins\mcufinder
2024-02-03 12:03:59,835 [INFO] DbMcusAds:125 - Set database path to: C:\Users\ravis\.stmcufinder\plugins\mcufinder//mcu/
2024-02-03 12:03:59,836 [WARN] DbFile:41 - Overriding database path with different value: C:\Users\ravis\.stmcufinder\plugins\mcufinder/ => C:\Users\ravis\.stmcufinder\plugins\mcufinder
2024-02-03 12:03:59,836 [WARN] DbFile:41 - Overriding database path with different value: C:\Users\ravis\.stmcufinder\plugins\mcufinder/ => C:\Users\ravis\.stmcufinder\plugins\mcufinder
2024-02-03 12:03:59,836 [INFO] CrossReferenceDbSqlite:203 - Set database path to: C:\Users\ravis\.stmcufinder\plugins\mcufinder//mcu/cs/
2024-02-03 12:03:59,853 [INFO] ApplicationProperties:184 - Using Application install path: C:\ST\STM32CubeIDE_1.14.0\STM32CubeIDE\plugins\com.st.stm32cube.common.mx_6.10.0.202311202037
2024-02-03 12:03:59,854 [INFO] PluginManage:196 - Search for loadable plugins [exclusion list=, ]
2024-02-03 12:03:59,856 [INFO] PluginManage:310 - Check plugin analytics
2024-02-03 12:04:00,092 [INFO] AnalyticsPlugin:253 - Accepted Software Licenses: 
2024-02-03 12:04:00,093 [INFO] AnalyticsPlugin:255 - Accepted CMSIS Pack Licenses: 
2024-02-03 12:04:00,093 [INFO] AnalyticsPlugin:257 - Accepted Firmware Licenses: FW.F4.1.28.0
2024-02-03 12:04:00,098 [INFO] PluginManage:359 - Loaded plugin analytics (category:tool,tabindex:-1)
2024-02-03 12:04:00,099 [INFO] PluginManage:310 - Check plugin cadmodel
2024-02-03 12:04:00,119 [INFO] CADModel:105 - Init CAD model plugin
2024-02-03 12:04:00,119 [INFO] PluginManage:359 - Loaded plugin cadmodel (category:power,tabindex:5)
2024-02-03 12:04:00,119 [INFO] PluginManage:310 - Check plugin clock
2024-02-03 12:04:00,148 [INFO] PluginManage:359 - Loaded plugin clock (category:base,tabindex:2)
2024-02-03 12:04:00,148 [INFO] PluginManage:310 - Check plugin ddr
2024-02-03 12:04:00,151 [INFO] PluginManage:359 - Loaded plugin ddr (category:tool,tabindex:6)
2024-02-03 12:04:00,151 [INFO] PluginManage:310 - Check plugin filemanager
2024-02-03 12:04:00,370 [INFO] PluginManage:359 - Loaded plugin filemanager (category:base,tabindex:10)
2024-02-03 12:04:00,370 [INFO] PluginManage:310 - Check plugin ipmanager
2024-02-03 12:04:00,386 [INFO] PluginManage:359 - Loaded plugin ipmanager (category:base,tabindex:5)
2024-02-03 12:04:00,386 [INFO] PluginManage:310 - Check plugin lpbam
2024-02-03 12:04:00,411 [INFO] PluginManage:359 - Loaded plugin lpbam (category:base,tabindex:0)
2024-02-03 12:04:00,411 [INFO] PluginManage:310 - Check plugin memorymap
2024-02-03 12:04:00,435 [INFO] PluginManage:359 - Loaded plugin memorymap (category:base,tabindex:4)
2024-02-03 12:04:00,435 [INFO] PluginManage:310 - Check plugin pinoutandconfiguration
2024-02-03 12:04:00,452 [INFO] PluginManage:359 - Loaded plugin pinoutandconfiguration (category:base,tabindex:1)
2024-02-03 12:04:00,452 [INFO] PluginManage:310 - Check plugin pinoutconfig
2024-02-03 12:04:00,561 [WARN] SupportedApi:132 - Cannot load RTOS API schema: s4s-elt-must-match.1: The content of 'definitions' must match (annotation?, (simpleType | complexType)?, (unique | key | keyref)*)). A problem was found starting at: attribute.
2024-02-03 12:04:00,702 [INFO] PluginManage:359 - Loaded plugin pinoutconfig (category:base,tabindex:0)
2024-02-03 12:04:00,702 [INFO] PluginManage:310 - Check plugin power
2024-02-03 12:04:00,728 [INFO] PluginManage:359 - Loaded plugin power (category:power,tabindex:4)
2024-02-03 12:04:00,729 [INFO] PluginManage:310 - Check plugin projectmanager
2024-02-03 12:04:00,753 [INFO] PluginManage:359 - Loaded plugin projectmanager (category:projectmanager,tabindex:3)
2024-02-03 12:04:00,753 [INFO] PluginManage:310 - Check plugin thirdparty
2024-02-03 12:04:01,058 [INFO] PluginManage:359 - Loaded plugin thirdparty (category:base,tabindex:-1)
2024-02-03 12:04:01,059 [INFO] PluginManage:310 - Check plugin tools
2024-02-03 12:04:01,058 [WARN] IntegrityCheckThread:84 - waiting for thirdparty lock release [integrity check]
2024-02-03 12:04:01,059 [INFO] IntegrityCheckThread:86 - entering critical section [integrity check]
2024-02-03 12:04:01,059 [INFO] ThirdPartyUpdaterWithRetryManager:70 - Updater plugin not ready yet. [1/15]
2024-02-03 12:04:01,093 [INFO] PluginManage:359 - Loaded plugin tools (category:base,tabindex:7)
2024-02-03 12:04:01,093 [INFO] PluginManage:310 - Check plugin tutovideos
2024-02-03 12:04:01,270 [INFO] PluginManage:359 - Loaded plugin tutovideos (category:base,tabindex:-1)
2024-02-03 12:04:01,271 [INFO] PluginManage:310 - Check plugin updater
2024-02-03 12:04:01,286 [INFO] PluginManage:359 - Loaded plugin updater (category:base,tabindex:12)
2024-02-03 12:04:01,286 [INFO] PluginManage:310 - Check plugin userauth
2024-02-03 12:04:01,294 [INFO] UserAuth:114 - Init User Auth plugin
2024-02-03 12:04:01,294 [INFO] PluginManage:359 - Loaded plugin userauth (category:base,tabindex:14)
2024-02-03 12:04:01,294 [INFO] PluginManage:283 - PluginManage : Loaded plugins [17]
2024-02-03 12:04:01,595 [INFO] PinOutPanel:1499 - setPackage(No Configuration,No Configuration)
2024-02-03 12:04:01,682 [INFO] CADModel:165 - CPN selected for project level
2024-02-03 12:04:01,682 [INFO] CADModel:114 - Register for checkConnection events
2024-02-03 12:04:01,717 [INFO] IPUIPlugin:80 - create IPUIPlugin
2024-02-03 12:04:01,717 [INFO] PluginManager:220 - loadIPPluginJar : add adc
2024-02-03 12:04:01,761 [INFO] IPUIPlugin:80 - create IPUIPlugin
2024-02-03 12:04:01,761 [INFO] PluginManager:220 - loadIPPluginJar : add aes
2024-02-03 12:04:01,798 [INFO] IPUIPlugin:80 - create IPUIPlugin
2024-02-03 12:04:01,798 [INFO] PluginManager:220 - loadIPPluginJar : add can
2024-02-03 12:04:01,818 [INFO] IPUIPlugin:80 - create IPUIPlugin
2024-02-03 12:04:01,819 [INFO] PluginManager:220 - loadIPPluginJar : add comp
2024-02-03 12:04:01,848 [INFO] IPUIPlugin:80 - create IPUIPlugin
2024-02-03 12:04:01,848 [INFO] PluginManager:220 - loadIPPluginJar : add cryp
2024-02-03 12:04:01,877 [INFO] IPUIPlugin:80 - create IPUIPlugin
2024-02-03 12:04:01,877 [INFO] PluginManager:220 - loadIPPluginJar : add dfsdm
2024-02-03 12:04:01,890 [INFO] IPUIPlugin:80 - create IPUIPlugin
2024-02-03 12:04:01,891 [INFO] PluginManager:220 - loadIPPluginJar : add dma
2024-02-03 12:04:01,930 [INFO] IPUIPlugin:80 - create IPUIPlugin
2024-02-03 12:04:01,930 [INFO] PluginManager:220 - loadIPPluginJar : add dma3
2024-02-03 12:04:01,949 [INFO] IPUIPlugin:80 - create IPUIPlugin
2024-02-03 12:04:01,949 [INFO] PluginManager:220 - loadIPPluginJar : add fatfs
2024-02-03 12:04:01,993 [INFO] IPUIPlugin:80 - create IPUIPlugin
2024-02-03 12:04:01,994 [INFO] PluginManager:220 - loadIPPluginJar : add fmc
2024-02-03 12:04:02,008 [INFO] IPUIPlugin:80 - create IPUIPlugin
2024-02-03 12:04:02,008 [INFO] PluginManager:220 - loadIPPluginJar : add freertos
2024-02-03 12:04:02,026 [INFO] IPUIPlugin:80 - create IPUIPlugin
2024-02-03 12:04:02,026 [INFO] PluginManager:220 - loadIPPluginJar : add genericplugin
2024-02-03 12:04:02,103 [INFO] IPUIPlugin:80 - create IPUIPlugin
2024-02-03 12:04:02,103 [INFO] PluginManager:220 - loadIPPluginJar : add gfxmmu
2024-02-03 12:04:02,228 [INFO] IPUIPlugin:80 - create IPUIPlugin
2024-02-03 12:04:02,228 [INFO] PluginManager:220 - loadIPPluginJar : add gic
2024-02-03 12:04:02,239 [INFO] IPUIPlugin:80 - create IPUIPlugin
2024-02-03 12:04:02,239 [INFO] PluginManager:220 - loadIPPluginJar : add gpio
2024-02-03 12:04:02,322 [INFO] IPUIPlugin:80 - create IPUIPlugin
2024-02-03 12:04:02,323 [INFO] PluginManager:220 - loadIPPluginJar : add gtzc
2024-02-03 12:04:02,352 [INFO] IPUIPlugin:80 - create IPUIPlugin
2024-02-03 12:04:02,352 [INFO] PluginManager:220 - loadIPPluginJar : add hash
2024-02-03 12:04:02,405 [INFO] IPUIPlugin:80 - create IPUIPlugin
2024-02-03 12:04:02,405 [INFO] PluginManager:220 - loadIPPluginJar : add i2c
2024-02-03 12:04:02,443 [INFO] IPUIPlugin:80 - create IPUIPlugin
2024-02-03 12:04:02,443 [INFO] PluginManager:220 - loadIPPluginJar : add i2s
2024-02-03 12:04:02,481 [INFO] IPUIPlugin:80 - create IPUIPlugin
2024-02-03 12:04:02,481 [INFO] PluginManager:220 - loadIPPluginJar : add i3c
2024-02-03 12:04:02,588 [INFO] IPUIPlugin:80 - create IPUIPlugin
2024-02-03 12:04:02,588 [INFO] PluginManager:220 - loadIPPluginJar : add ipddr
2024-02-03 12:04:02,670 [INFO] IPUIPlugin:80 - create IPUIPlugin
2024-02-03 12:04:02,670 [INFO] PluginManager:220 - loadIPPluginJar : add linkedlist
2024-02-03 12:04:02,702 [INFO] IPUIPlugin:80 - create IPUIPlugin
2024-02-03 12:04:02,702 [INFO] PluginManager:220 - loadIPPluginJar : add lorawan
2024-02-03 12:04:02,737 [INFO] IPUIPlugin:80 - create IPUIPlugin
2024-02-03 12:04:02,737 [INFO] PluginManager:220 - loadIPPluginJar : add ltdc
2024-02-03 12:04:02,751 [INFO] IPUIPlugin:80 - create IPUIPlugin
2024-02-03 12:04:02,751 [INFO] PluginManager:220 - loadIPPluginJar : add mdma
2024-02-03 12:04:02,762 [INFO] IPUIPlugin:80 - create IPUIPlugin
2024-02-03 12:04:02,762 [INFO] PluginManager:220 - loadIPPluginJar : add nvic
2024-02-03 12:04:02,794 [INFO] IPUIPlugin:80 - create IPUIPlugin
2024-02-03 12:04:02,794 [INFO] PluginManager:220 - loadIPPluginJar : add opamp
2024-02-03 12:04:02,850 [INFO] IPUIPlugin:80 - create IPUIPlugin
2024-02-03 12:04:02,850 [INFO] PluginManager:220 - loadIPPluginJar : add openamp
2024-02-03 12:04:02,889 [INFO] IPUIPlugin:80 - create IPUIPlugin
2024-02-03 12:04:02,889 [INFO] PluginManager:220 - loadIPPluginJar : add pdm2pcm
2024-02-03 12:04:02,902 [INFO] IPUIPlugin:80 - create IPUIPlugin
2024-02-03 12:04:02,904 [INFO] PluginManager:220 - loadIPPluginJar : add plateformsettings
2024-02-03 12:04:02,923 [INFO] IPUIPlugin:80 - create IPUIPlugin
2024-02-03 12:04:02,923 [INFO] PluginManager:220 - loadIPPluginJar : add quadspi
2024-02-03 12:04:02,934 [INFO] IPUIPlugin:80 - create IPUIPlugin
2024-02-03 12:04:02,934 [INFO] PluginManager:220 - loadIPPluginJar : add resmgrutility
2024-02-03 12:04:02,981 [INFO] IPUIPlugin:80 - create IPUIPlugin
2024-02-03 12:04:02,982 [INFO] PluginManager:220 - loadIPPluginJar : add sai
2024-02-03 12:04:03,016 [INFO] IPUIPlugin:80 - create IPUIPlugin
2024-02-03 12:04:03,016 [INFO] PluginManager:220 - loadIPPluginJar : add spi
2024-02-03 12:04:03,083 [INFO] IPUIPlugin:80 - create IPUIPlugin
2024-02-03 12:04:03,083 [INFO] PluginManager:220 - loadIPPluginJar : add stm32_wpan
2024-02-03 12:04:03,104 [INFO] IPUIPlugin:80 - create IPUIPlugin
2024-02-03 12:04:03,104 [INFO] PluginManager:220 - loadIPPluginJar : add tim
2024-02-03 12:04:03,159 [INFO] IPUIPlugin:80 - create IPUIPlugin
2024-02-03 12:04:03,159 [INFO] PluginManager:220 - loadIPPluginJar : add touchsensing
2024-02-03 12:04:03,181 [INFO] IPUIPlugin:80 - create IPUIPlugin
2024-02-03 12:04:03,181 [INFO] PluginManager:220 - loadIPPluginJar : add tracer_emb
2024-02-03 12:04:03,201 [INFO] IPUIPlugin:80 - create IPUIPlugin
2024-02-03 12:04:03,201 [INFO] PluginManager:220 - loadIPPluginJar : add ts
2024-02-03 12:04:03,221 [INFO] IPUIPlugin:80 - create IPUIPlugin
2024-02-03 12:04:03,221 [INFO] PluginManager:220 - loadIPPluginJar : add tsc
2024-02-03 12:04:03,241 [INFO] IPUIPlugin:80 - create IPUIPlugin
2024-02-03 12:04:03,241 [INFO] PluginManager:220 - loadIPPluginJar : add ucpd
2024-02-03 12:04:03,283 [INFO] IPUIPlugin:80 - create IPUIPlugin
2024-02-03 12:04:03,283 [INFO] PluginManager:220 - loadIPPluginJar : add usart
2024-02-03 12:04:03,323 [INFO] IPUIPlugin:80 - create IPUIPlugin
2024-02-03 12:04:03,323 [INFO] PluginManager:220 - loadIPPluginJar : add usbx
2024-02-03 12:04:03,449 [INFO] CADModel:165 - CPN selected for project level
2024-02-03 12:04:03,450 [INFO] CADModel:114 - Register for checkConnection events
2024-02-03 12:04:03,450 [FATAL] Updater:308 - Updater called before beeing initialized
2024-02-03 12:04:03,450 [ERROR] CADModel:125 - Updater not yet initialized, retry later 
2024-02-03 12:04:03,570 [INFO] CADModel:165 - CPN selected for project level
2024-02-03 12:04:03,570 [INFO] CADModel:114 - Register for checkConnection events
2024-02-03 12:04:03,570 [FATAL] Updater:308 - Updater called before beeing initialized
2024-02-03 12:04:03,570 [ERROR] CADModel:125 - Updater not yet initialized, retry later 
2024-02-03 12:04:03,573 [FATAL] Updater:308 - Updater called before beeing initialized
2024-02-03 12:04:03,686 [FATAL] Updater:308 - Updater called before beeing initialized
2024-02-03 12:04:03,693 [INFO] DbMcusAds:53 - JSON generation date=Wed Nov 29 16:22:27 IST 2023 (1701255147200)
2024-02-03 12:04:03,693 [FATAL] Updater:308 - Updater called before beeing initialized
2024-02-03 12:04:03,774 [WARN] DetailPanel:346 - Failed to get advertising image, set to default
2024-02-03 12:04:03,871 [FATAL] Updater:308 - Updater called before beeing initialized
2024-02-03 12:04:03,873 [FATAL] Updater:308 - Updater called before beeing initialized
2024-02-03 12:04:03,873 [FATAL] Updater:308 - Updater called before beeing initialized
2024-02-03 12:04:03,873 [WARN] DetailPanel:346 - Failed to get advertising image, set to default
2024-02-03 12:04:03,874 [FATAL] Updater:308 - Updater called before beeing initialized
2024-02-03 12:04:03,941 [ERROR] Updater:1120 - MainUpdater not yet initialized. External WinMGr cannot be set.
2024-02-03 12:04:03,955 [INFO] Updater:1056 - Updater Version found : 6.10.0
2024-02-03 12:04:03,982 [INFO] ApplicationProperties:184 - Using Application install path: C:\ST\STM32CubeIDE_1.14.0\STM32CubeIDE\plugins\com.st.stm32cube.common.mx_6.10.0.202311202037
2024-02-03 12:04:04,061 [INFO] ThirdPartyUpdaterWithRetryManager:70 - Updater plugin not ready yet. [2/15]
2024-02-03 12:04:05,562 [ERROR] LogOutputStream:75 - [STDERR_REDIRECT] Feb 03, 2024 12:04:05 PM java.util.prefs.WindowsPreferences <init>
2024-02-03 12:04:05,563 [ERROR] LogOutputStream:75 - [STDERR_REDIRECT] WARNING: Could not open/create prefs root node Software\JavaSoft\Prefs at root 0xffffffff80000002. Windows RegCreateKeyEx(...) returned error code 5.
2024-02-03 12:04:05,563 [ERROR] LogOutputStream:75 - [STDERR_REDIRECT] 
2024-02-03 12:04:05,917 [INFO] MainUpdater:2873 - connection check result : 10
2024-02-03 12:04:05,918 [INFO] MainUpdater:290 - Updater Check For Update Now.
2024-02-03 12:04:05,918 [INFO] MicroXplorer:498 - Change Database Version : DB.6.0.100
2024-02-03 12:04:05,937 [INFO] McuFinderGlobals:63 - Set McuFinder mode to 2 (CubeIDE integrated)
2024-02-03 12:04:05,956 [INFO] UserAuth:404 - Internet connection configuration mode: 1
2024-02-03 12:04:05,995 [INFO] JxBrowserEngine:152 - Initiate JxBrowser Engine with user profile folder
2024-02-03 12:04:06,155 [INFO] CheckServerUpdateThread:120 - End of CheckServer Thread
2024-02-03 12:04:07,310 [WARN] PackLoader:240 - Cannot read IP mode file for STMicroelectronics.X-CUBE-SMBUS.2.1.0
2024-02-03 12:04:07,328 [WARN] PackLoader:240 - Cannot read IP mode file for STMicroelectronics.X-CUBE-TOUCHGFX.4.23.0
2024-02-03 12:04:07,387 [WARN] PackLoader:240 - Cannot read IP mode file for STMicroelectronics.X-CUBE-AZRTOS-F7.1.1.0
2024-02-03 12:04:07,424 [WARN] PackLoader:240 - Cannot read IP mode file for STMicroelectronics.FP-SNS-MOTENV1.4.3.2
2024-02-03 12:04:07,444 [WARN] PackLoader:240 - Cannot read IP mode file for STMicroelectronics.FP-SNS-FLIGHT1.5.0.2
2024-02-03 12:04:07,471 [WARN] PackLoader:240 - Cannot read IP mode file for STMicroelectronics.X-CUBE-DISPLAY.3.0.0
2024-02-03 12:04:07,499 [WARN] PackLoader:240 - Cannot read IP mode file for STMicroelectronics.X-CUBE-BLE1.7.0.0
2024-02-03 12:04:07,518 [WARN] PackLoader:240 - Cannot read IP mode file for emotas.I-CUBE-CANOPEN.1.3.0
2024-02-03 12:04:07,533 [WARN] PackLoader:240 - Cannot read IP mode file for STMicroelectronics.X-CUBE-TOUCHGFX.4.22.1
2024-02-03 12:04:07,551 [WARN] PackLoader:240 - Cannot read IP mode file for STMicroelectronics.FP-SNS-SMARTAG2.1.2.0
2024-02-03 12:04:07,580 [INFO] LogOutputStream:77 - [STDOUT_REDIRECT] 1 : Invalid condition id : UX_CORESTACK_Condition cause : null
2024-02-03 12:04:07,581 [INFO] LogOutputStream:77 - [STDOUT_REDIRECT] 1 : Invalid condition id : UX_CORESTACK_Condition cause : null
2024-02-03 12:04:07,583 [INFO] LogOutputStream:77 - [STDOUT_REDIRECT] 1 : Invalid condition id : UX_CORESTACK_Condition cause : null
2024-02-03 12:04:07,584 [INFO] LogOutputStream:77 - [STDOUT_REDIRECT] 1 : Invalid condition id : UX_CORESTACK_Condition cause : null
2024-02-03 12:04:07,585 [INFO] LogOutputStream:77 - [STDOUT_REDIRECT] 1 : Invalid condition id : UX_CORESTACK_Condition cause : null
2024-02-03 12:04:07,590 [WARN] PackLoader:240 - Cannot read IP mode file for STMicroelectronics.X-CUBE-AZRTOS-WL.2.0.0
2024-02-03 12:04:07,613 [WARN] PackLoader:240 - Cannot read IP mode file for WES.I-CUBE-Cesium.1.3.0
2024-02-03 12:04:07,630 [WARN] PackLoader:240 - Cannot read IP mode file for STMicroelectronics.X-CUBE-BLE2.3.3.0
2024-02-03 12:04:07,650 [WARN] PackLoader:240 - Cannot read IP mode file for STMicroelectronics.X-CUBE-ALGOBUILD.1.3.0
2024-02-03 12:04:07,692 [WARN] PackLoader:240 - Cannot read IP mode file for STMicroelectronics.X-CUBE-AZRTOS-G0.1.1.0
2024-02-03 12:04:07,712 [WARN] PackLoader:240 - Cannot read IP mode file for STMicroelectronics.X-CUBE-NFC4.3.0.0
2024-02-03 12:04:07,736 [WARN] PackLoader:240 - Cannot read IP mode file for STMicroelectronics.X-CUBE-BLEMGR.3.0.0
2024-02-03 12:04:07,754 [WARN] PackLoader:240 - Cannot read IP mode file for STMicroelectronics.FP-ATR-SIGFOX1.3.2.0
2024-02-03 12:04:07,769 [WARN] PackLoader:240 - Cannot read IP mode file for STMicroelectronics.X-CUBE-EEPRMA1.5.1.0
2024-02-03 12:04:07,824 [WARN] PackLoader:240 - Cannot read IP mode file for SEGGER.I-CUBE-embOS.1.3.1
2024-02-03 12:04:07,886 [WARN] PackLoader:240 - Cannot read IP mode file for STMicroelectronics.X-CUBE-GNSS1.6.0.0
2024-02-03 12:04:07,922 [WARN] PackLoader:240 - Cannot read IP mode file for STMicroelectronics.X-CUBE-AZRTOS-F4.1.1.0
2024-02-03 12:04:07,941 [WARN] PackLoader:240 - Cannot read IP mode file for wolfSSL.I-CUBE-wolfSSL.5.6.4
2024-02-03 12:04:07,981 [WARN] PackLoader:240 - Cannot read IP mode file for STMicroelectronics.X-CUBE-AZRTOS-L5.2.0.0
2024-02-03 12:04:07,999 [WARN] PackLoader:240 - Cannot read IP mode file for STMicroelectronics.X-CUBE-EEPRMA1.4.2.0
2024-02-03 12:04:08,018 [WARN] PackLoader:240 - Cannot read IP mode file for ITTIA_DB.I-CUBE-ITTIADB.8.8.0
2024-02-03 12:04:08,034 [WARN] PackLoader:240 - Cannot read IP mode file for STMicroelectronics.X-CUBE-NFC7.1.0.1
2024-02-03 12:04:08,054 [WARN] PackLoader:240 - Cannot read IP mode file for STMicroelectronics.X-CUBE-NFC6.3.0.0
2024-02-03 12:04:08,070 [WARN] PackLoader:240 - Cannot read IP mode file for STMicroelectronics.X-CUBE-AI.8.1.0
2024-02-03 12:04:08,115 [WARN] ConditionMgr:438 - getConditionDescription Invalid condition id : LAN8742 Phy interface Condition cause : null
2024-02-03 12:04:08,116 [WARN] PackLoader:240 - Cannot read IP mode file for STMicroelectronics.X-CUBE-AZRTOS-L4.2.0.0
2024-02-03 12:04:08,117 [WARN] ConditionMgr:1039 - genDependencies : Invalid condition id : LAN8742 Phy interface Condition cause : null
2024-02-03 12:04:08,118 [WARN] ConditionMgr:1039 - genDependencies : Invalid condition id : LAN8742 Phy interface Condition cause : null
2024-02-03 12:04:08,118 [WARN] ConditionMgr:1039 - genDependencies : Invalid condition id : LAN8742 Phy interface Condition cause : null
2024-02-03 12:04:08,140 [WARN] PackLoader:240 - Cannot read IP mode file for STMicroelectronics.X-CUBE-SFXS2LP1.4.0.0
2024-02-03 12:04:08,176 [WARN] ConditionMgr:438 - getConditionDescription Invalid condition id : UX DEVICE CLASS RTOS Condition cause : null
2024-02-03 12:04:08,177 [WARN] ConditionMgr:438 - getConditionDescription Invalid condition id : UX DEVICE CLASS RTOS Condition cause : null
2024-02-03 12:04:08,180 [WARN] PackLoader:240 - Cannot read IP mode file for STMicroelectronics.X-CUBE-AZRTOS-WB.2.0.0
2024-02-03 12:04:08,181 [WARN] ConditionMgr:1039 - genDependencies : Invalid condition id : UX DEVICE CLASS RTOS Condition cause : null
2024-02-03 12:04:08,181 [WARN] ConditionMgr:1039 - genDependencies : Invalid condition id : UX DEVICE CLASS RTOS Condition cause : null
2024-02-03 12:04:08,182 [WARN] ConditionMgr:1039 - genDependencies : Invalid condition id : UX DEVICE CLASS RTOS Condition cause : null
2024-02-03 12:04:08,183 [WARN] ConditionMgr:1039 - genDependencies : Invalid condition id : UX DEVICE CLASS RTOS Condition cause : null
2024-02-03 12:04:08,183 [WARN] ConditionMgr:1039 - genDependencies : Invalid condition id : UX DEVICE CLASS RTOS Condition cause : null
2024-02-03 12:04:08,209 [WARN] PackLoader:240 - Cannot read IP mode file for STMicroelectronics.X-CUBE-SUBG2.5.0.0
2024-02-03 12:04:08,246 [WARN] PackLoader:240 - Cannot read IP mode file for STMicroelectronics.X-CUBE-AZRTOS-G4.2.0.0
2024-02-03 12:04:08,277 [WARN] PackLoader:240 - Cannot read IP mode file for Infineon.AIROC-Wi-Fi-Bluetooth-STM32.1.5.1
2024-02-03 12:04:08,296 [WARN] PackLoader:240 - Cannot read IP mode file for STMicroelectronics.FP-SNS-MOTENVWB1.1.3.1
2024-02-03 12:04:08,312 [WARN] PackLoader:240 - Cannot read IP mode file for STMicroelectronics.X-CUBE-ISPU.2.0.0
2024-02-03 12:04:08,373 [WARN] PackLoader:240 - Cannot read IP mode file for STMicroelectronics.X-CUBE-MEMS1.10.0.0
2024-02-03 12:04:08,523 [WARN] PackLoader:240 - Cannot read IP mode file for STMicroelectronics.X-CUBE-FREERTOS.1.1.0
2024-02-03 12:04:08,545 [WARN] PackLoader:240 - Cannot read IP mode file for portGmbH.I-Cube-SoM-uGOAL.1.1.0
2024-02-03 12:04:08,560 [WARN] PackLoader:240 - Cannot read IP mode file for STMicroelectronics.X-CUBE-ALS.1.0.1
2024-02-03 12:04:08,575 [WARN] PackLoader:240 - Cannot read IP mode file for STMicroelectronics.FP-ATR-ASTRA1.2.0.0
2024-02-03 12:04:08,599 [WARN] PackLoader:240 - Cannot read IP mode file for STMicroelectronics.X-CUBE-TOF1.3.4.0
2024-02-03 12:04:08,649 [WARN] PackLoader:240 - Cannot read IP mode file for STMicroelectronics.X-CUBE-AZRTOS-H7.3.2.0
2024-02-03 12:04:08,653 [INFO] ThirdParty:978 - Integrity check success = true
2024-02-03 12:04:08,653 [INFO] IntegrityCheckThread:100 - exiting critical section [integrity check]
2024-02-03 12:04:08,653 [INFO] IntegrityCheckThread:103 - End integrity checks thread
2024-02-03 12:04:09,663 [INFO] WebApp:161 - Instantiating new browser for Auth
2024-02-03 12:04:10,418 [INFO] WebApp:780 - Register for checkConnection events
2024-02-03 12:04:10,418 [INFO] WebApp:414 - Apply proxy settings
2024-02-03 12:04:10,419 [INFO] WebApp:499 - Chromium requires no authentication
2024-02-03 12:04:10,428 [INFO] WebApp:442 - Direct internet connection detected
2024-02-03 12:04:10,594 [INFO] WebApp:192 - Starting web application
2024-02-03 12:04:10,595 [INFO] WebApp:544 - Web application path used C:\ST\STM32CubeIDE_1.14.0\STM32CubeIDE\plugins\com.st.stm32cube.common.mx_6.10.0.202311202037\db\plugins\mcufinder\reactClient1\index.html
2024-02-03 12:04:17,804 [ERROR] LogOutputStream:75 - [STDERR_REDIRECT] SLF4J: Failed to load class "org.slf4j.impl.StaticLoggerBinder".
2024-02-03 12:04:17,806 [ERROR] LogOutputStream:75 - [STDERR_REDIRECT] SLF4J: Defaulting to no-operation (NOP) logger implementation
2024-02-03 12:04:17,808 [ERROR] LogOutputStream:75 - [STDERR_REDIRECT] SLF4J: See http://www.slf4j.org/codes.html#StaticLoggerBinder for further details.
2024-02-03 13:38:59,923 [INFO] McuFinderGlobals:63 - Set McuFinder mode to 2 (CubeIDE integrated)
2024-02-03 13:38:59,958 [INFO] MainUpdater:2873 - connection check result : 10
2024-02-03 13:39:01,158 [INFO] ApiDb:581 - Connected to CubeFinder SQLite database (C:\Users\ravis\.stmcufinder\plugins\mcufinder\mcu\cube-finder-db.db)
2024-02-03 13:39:01,256 [INFO] ApiDb:668 - CubeFinder database Data Model version=2.1
2024-02-03 13:39:01,257 [INFO] ApiDb:669 - CubeFinder database Configuration version=3.0.39
2024-02-03 13:39:01,257 [INFO] ApiDb:670 - CubeFinder database generation date=2024-01-11 (1704964531)
2024-02-03 13:39:01,258 [INFO] ApiDb:671 - CubeFinder database FW Pack versions=[FP-ATR-ASTRA1_V2.0.0, FP-SNS-FLIGHT1_V5.0.1, FP-SNS-FLIGHT1_V5.0.2, FP-SNS-MOTENV1_V4.3.1, FP-SNS-MOTENV1_V4.3.2, FP-SNS-MOTENVWB1_V1.3.1, FP-SNS-SMARTAG2_V1.2.0, STM32Cube_FW_C0_V1.1.0, STM32Cube_FW_F4_V1.28.0, STM32Cube_FW_F7_V1.17.0, STM32Cube_FW_G0_V1.6.2, STM32Cube_FW_G4_V1.5.2, STM32Cube_FW_H5_V0.5.1, STM32Cube_FW_H5_V1.1.1, STM32Cube_FW_H5_V1.2.0RC2, STM32Cube_FW_H7_V1.11.0, STM32Cube_FW_L0_V1.12.2, STM32Cube_FW_L5_V1.5.0, STM32Cube_FW_U5_V1.3.0RC4, STM32Cube_FW_U5_V1.4.0, STM32Cube_FW_WBA_V1.0.0RC1, STM32Cube_FW_WBA_V1.1.0RC1, STM32Cube_FW_WBA_V1.2.0, STM32Cube_FW_WBA_V1.2.0RC2, STM32Cube_FW_WB_V1.15.0RC1, STM32Cube_FW_WB_V1.16.0, STM32Cube_FW_WB_V1.16.0RC2, STM32Cube_FW_WB_V1.18.0, STM32Cube_FW_WL_V1.3.0, X-CUBE-ALGOBUILD_V1.3.0, X-CUBE-ALS_V1.0.1, X-CUBE-AZRTOS-F4_V1.1.0, X-CUBE-AZRTOS-F7_V1.1.0, X-CUBE-AZRTOS-G0_V1.1.0, X-CUBE-AZRTOS-G4_V2.0.0, X-CUBE-AZRTOS-H7_V3.2.0, X-CUBE-AZRTOS-L4_V1.0.0, X-CUBE-AZRTOS-L4_V2.0.0, X-CUBE-AZRTOS-L5_V1.1.0, X-CUBE-AZRTOS-WB_V2.0.0, X-CUBE-AZRTOS-WL_V2.0.0, X-CUBE-BLE1_V7.0.0, X-CUBE-BLE2_V3.3.0, X-CUBE-BLEMGR_V3.0.0, X-CUBE-EEPRMA1_V4.1.0, X-CUBE-EEPRMA1_V4.2.0, X-CUBE-FREERTOS_V1.1.0, X-CUBE-GNSS1_V6.0.0, X-CUBE-MEMS1_V10.0.0, X-CUBE-MEMS1_V9.1.0, X-CUBE-MEMS1_V9.4.0, X-CUBE-MEMS1_V9.6.0, X-CUBE-NFC4_V3.0.0, X-CUBE-NFC7_V1.0.1, X-CUBE-SFXS2LP1_V4.0.0, X-CUBE-SUBG2_V5.0.0, X-CUBE-TOF1_V3.4.0]
2024-02-03 13:39:01,464 [INFO] DbBoardsSqlite:226 - include board P-NUCLEO-WB55-NUCLEO as a kit item of type 'Nucleo-64'
2024-02-03 13:39:01,464 [INFO] DbBoardsSqlite:226 - include board P-NUCLEO-WB55-USBDONGLE as a kit item of type 'Nucleo USB Dongle'
2024-02-03 13:39:01,466 [INFO] DbBoardsSqlite:226 - include board STEVAL-IDP005V1 as a kit item of type 'Evaluation Board'
2024-02-03 13:39:01,466 [INFO] DbBoardsSqlite:226 - include board STEVAL-IDP005V2 as a kit item of type 'Evaluation Board'
2024-02-03 13:39:01,923 [INFO] ApiDb:240 - Found 371 in-development CPN: [B-G473E-ZEST1S, B-WB1M-WPAN1, B-WL5M-SUBG1, NUCLEO-C031C6, NUCLEO-H503RB, NUCLEO-H563ZI, NUCLEO-U545RE-Q, NUCLEO-U5A5ZJ-Q, NUCLEO-WBA52CG, NUCLEO-WBA55CG, STEVAL-MKBOXPRO, STEVAL-PROTEUS1, STEVAL-STWINBX1, STM320518-EVAL, STM32C0116-DK, STM32C011D6Y3TR, STM32C011D6Y6TR, STM32C011F4P3, STM32C011F4P6, STM32C011F4U3, STM32C011F4U6TR, STM32C011F6P3, STM32C011F6P6, STM32C011F6U3, STM32C011F6U6TR, STM32C011J4M3, STM32C011J4M6, STM32C011J6M3, STM32C011J6M6, STM32C0316-DK, STM32C031C4T3, STM32C031C4T6, STM32C031C4U3, STM32C031C4U6, STM32C031C6T3, STM32C031C6T6, STM32C031C6U3, STM32C031C6U6, STM32C031F4P3, STM32C031F4P6, STM32C031F6P3, STM32C031F6P6, STM32C031G4U3, STM32C031G4U6, STM32C031G6U3, STM32C031G6U6, STM32C031K4T3, STM32C031K4T6, STM32C031K4U3, STM32C031K4U6, STM32C031K6T3, STM32C031K6T6, STM32C031K6U3, STM32C031K6U6, STM32G071K8TXN, STM32G071K8UXN, STM32G081GBU6N, STM32G081KBT6N, STM32G081KBUXN, STM32G0B1CCT6N, STM32G0B1KCT6, STM32G0B1NEY6TR, STM32G0B1RCT6N, STM32G0C1CCT6, STM32G0C1CCT6N, STM32G0C1CCU6N, STM32G0C1CET6N, STM32G0C1CEU6N, STM32G0C1KCT6, STM32G0C1NEY6TR, STM32G0C1RCI6N, STM32G0C1RCT6N, STM32G0C1REI6N, STM32G0C1RET6N, STM32G0C1VCI6, STM32G0C1VEI6, STM32G471CCT6, STM32G471CCU6, STM32G471CET3, STM32G471CET6, STM32G471CEU3, STM32G471CEU6, STM32G471MCT6, STM32G471MET3, STM32G471MET6, STM32G471MEY6TR, STM32G471QCT6, STM32G471QET3, STM32G471RCT6, STM32G471RET3, STM32G471RET6, STM32G471VCH6, STM32G471VCI6, STM32G471VCT6, STM32G471VEH3, STM32G471VEH6, STM32G471VEI3, STM32G471VEI6, STM32G471VET3, STM32G471VET6, STM32G474CCT6, STM32H503CBT6, STM32H503CBU6, STM32H503EBY6TR, STM32H503KBU6, STM32H503RBT6, STM32H562AGI6, STM32H562AII6, STM32H562IGK6, STM32H562IGT6, STM32H562IIK6, STM32H562IIT6, STM32H562RGT6, STM32H562RGV6, STM32H562RIT6, STM32H562RIV6, STM32H562VGT6, STM32H562VIT6, STM32H562ZGT6, STM32H562ZIT6, STM32H563AGI6, STM32H563AII3Q, STM32H563AII6, STM32H563IGK6, STM32H563IGT6, STM32H563IIK3Q, STM32H563IIK6, STM32H563IIT3Q, STM32H563IIT6, STM32H563MIY3QTR, STM32H563RGT6, STM32H563RGV6, STM32H563RIT6, STM32H563RIV6, STM32H563VGT6, STM32H563VIT3Q, STM32H563VIT6, STM32H563ZGT6, STM32H563ZIT3Q, STM32H563ZIT6, STM32H573AII3Q, STM32H573AII6, STM32H573I-DK, STM32H573IIK3Q, STM32H573IIK6, STM32H573IIT3Q, STM32H573IIT6, STM32H573MIY3QTR, STM32H573RIT6, STM32H573RIV6, STM32H573VIT3Q, STM32H573VIT6, STM32H573ZIT3Q, STM32H573ZIT6, STM32L4R5QGI6STR, STM32MP131AAE3, STM32MP131AAF3, STM32MP131AAG3, STM32MP131CAE3, STM32MP131CAF3, STM32MP131CAG3, STM32MP131DAE7, STM32MP131DAF7, STM32MP131DAG7, STM32MP131FAE7, STM32MP131FAF7, STM32MP131FAG7, STM32MP133AAE3, STM32MP133AAF3, STM32MP133AAG3, STM32MP133CAE3, STM32MP133CAF3, STM32MP133CAG3, STM32MP133DAE7, STM32MP133DAF7, STM32MP133DAG7, STM32MP133FAE7, STM32MP133FAF7, STM32MP133FAG7, STM32MP135AAE3, STM32MP135AAF3, STM32MP135AAG3, STM32MP135CAE3, STM32MP135CAF3, STM32MP135CAG3, STM32MP135DAE7, STM32MP135DAF7, STM32MP135DAG7, STM32MP135F-DK, STM32MP135FAE7, STM32MP135FAF7, STM32MP135FAF7T, STM32MP135FAF7U, STM32MP135FAG7, STM32U535CBT6, STM32U535CBT6Q, STM32U535CBU6, STM32U535CBU6Q, STM32U535CCT6, STM32U535CCT6Q, STM32U535CCU6, STM32U535CCU6Q, STM32U535CET6, STM32U535CET6Q, STM32U535CEU6, STM32U535CEU6Q, STM32U535JEY6QTR, STM32U535NCY6QTR, STM32U535NEY6QTR, STM32U535RBI6, STM32U535RBI6Q, STM32U535RBT6, STM32U535RBT6Q, STM32U535RCI6, STM32U535RCI6Q, STM32U535RCT6, STM32U535RCT6Q, STM32U535REI6, STM32U535REI6Q, STM32U535RET6, STM32U535RET6Q, STM32U535VCI6, STM32U535VCI6Q, STM32U535VCT6, STM32U535VCT6Q, STM32U535VEI6, STM32U535VEI6Q, STM32U535VET6, STM32U535VET6Q, STM32U545CET6, STM32U545CET6Q, STM32U545CEU6, STM32U545CEU6Q, STM32U545JEY6QTR, STM32U545NEY6QTR, STM32U545REI6, STM32U545REI6Q, STM32U545RET6, STM32U545RET6Q, STM32U545VEI6, STM32U545VEI6Q, STM32U545VET6, STM32U545VET6Q, STM32U595AIH6, STM32U595AIH6Q, STM32U595AJH6, STM32U595AJH6Q, STM32U595QII6, STM32U595QII6Q, STM32U595QJI6, STM32U595QJI6Q, STM32U595RIT6, STM32U595RIT6Q, STM32U595RJT6, STM32U595RJT6Q, STM32U595VIT6, STM32U595VIT6Q, STM32U595VJT6, STM32U595VJT6Q, STM32U595ZIT6, STM32U595ZIT6Q, STM32U595ZIY6QTR, STM32U595ZJT6, STM32U595ZJT6Q, STM32U595ZJY6QTR, STM32U599BJY6QTR, STM32U599NIH6Q, STM32U599NJH6Q, STM32U599VIT6Q, STM32U599VJT6, STM32U599VJT6Q, STM32U599ZIT6Q, STM32U599ZIY6QTR, STM32U599ZJT6Q, STM32U599ZJY6QTR, STM32U5A5AJH6, STM32U5A5AJH6Q, STM32U5A5QJI6, STM32U5A5QJI6Q, STM32U5A5RJT6, STM32U5A5RJT6Q, STM32U5A5VJT6, STM32U5A5VJT6Q, STM32U5A5ZJT6, STM32U5A5ZJT6Q, STM32U5A5ZJY6QTR, STM32U5A9BJY6QTR, STM32U5A9J-DK, STM32U5A9NJH6Q, STM32U5A9VJT6Q, STM32U5A9ZJT6Q, STM32U5A9ZJY6QTR, STM32U5F7VIT6, STM32U5F7VIT6Q, STM32U5F7VJT6, STM32U5F7VJT6Q, STM32U5F9BJY6QTR, STM32U5F9NJH6Q, STM32U5F9VIT6Q, STM32U5F9VJT6Q, STM32U5F9ZIJ6QTR, STM32U5F9ZIT6Q, STM32U5F9ZJJ6QTR, STM32U5F9ZJT6Q, STM32U5G7VJT6, STM32U5G7VJT6Q, STM32U5G9BJY6QTR, STM32U5G9J-DK1, STM32U5G9J-DK2, STM32U5G9NJH6Q, STM32U5G9VJT6Q, STM32U5G9ZJJ6QTR, STM32U5G9ZJT6Q, STM32WB1MMCH6, STM32WBA50KEU6, STM32WBA50KEU6TR, STM32WBA50KGU6, STM32WBA50KGU6TR, STM32WBA52CEU6, STM32WBA52CEU6TR, STM32WBA52CEU7, STM32WBA52CEU7TR, STM32WBA52CGU6, STM32WBA52CGU6TR, STM32WBA52CGU6U, STM32WBA52CGU7, STM32WBA52CGU7TR, STM32WBA52KEU6, STM32WBA52KEU6TR, STM32WBA52KGU6, STM32WBA52KGU6TR, STM32WBA54CEU6, STM32WBA54CEU6TR, STM32WBA54CEU7, STM32WBA54CEU7TR, STM32WBA54CGU6, STM32WBA54CGU6TR, STM32WBA54CGU7, STM32WBA54CGU7TR, STM32WBA54KEU6, STM32WBA54KEU6TR, STM32WBA54KEU7, STM32WBA54KEU7TR, STM32WBA54KGU6, STM32WBA54KGU6TR, STM32WBA54KGU7, STM32WBA54KGU7TR, STM32WBA55CEU6, STM32WBA55CEU6TR, STM32WBA55CEU7, STM32WBA55CEU7TR, STM32WBA55CGU6, STM32WBA55CGU6TR, STM32WBA55CGU6U, STM32WBA55CGU7, STM32WBA55CGU7TR, STM32WBA55G-DK1, STM32WBA55HEF6, STM32WBA55HEF7, STM32WBA55HGF6, STM32WBA55HGF7, STM32WBA55UEI6, STM32WBA55UEI6TR, STM32WBA55UEI7, STM32WBA55UEI7TR, STM32WBA55UGI6, STM32WBA55UGI6TR, STM32WBA55UGI7, STM32WBA55UGI7TR, STM32WL5MOCH6, STM32WL5MOCH6TR]
2024-02-03 13:39:02,287 [INFO] BoardInfo:889 - No configuration file found for board P-NUCLEO-WB55
2024-02-03 13:39:02,288 [INFO] DbBoards:161 - Kit is not supported: P-NUCLEO-WB55
2024-02-03 13:39:02,299 [INFO] BoardInfo:889 - No configuration file found for board STEVAL-BFA001V1B
2024-02-03 13:39:02,300 [INFO] DbBoards:161 - Kit is not supported: STEVAL-BFA001V1B
2024-02-03 13:39:02,302 [INFO] BoardInfo:889 - No configuration file found for board STEVAL-BFA001V2B
2024-02-03 13:39:02,303 [INFO] DbBoards:161 - Kit is not supported: STEVAL-BFA001V2B
2024-02-03 13:39:02,733 [INFO] DbBoards:168 - Found 193 boards, 190 are supported
2024-02-03 13:39:02,733 [INFO] DbBoards:169 - Found 193 boards, 3 of them is supported for  Bsp
2024-02-03 13:39:02,740 [INFO] ApiDb:668 - CubeFinder database Data Model version=2.1
2024-02-03 13:39:02,740 [INFO] ApiDb:669 - CubeFinder database Configuration version=3.0.39
2024-02-03 13:39:02,740 [INFO] ApiDb:670 - CubeFinder database generation date=2024-01-11 (1704964531)
2024-02-03 13:39:02,740 [INFO] ApiDb:671 - CubeFinder database FW Pack versions=[FP-ATR-ASTRA1_V2.0.0, FP-SNS-FLIGHT1_V5.0.1, FP-SNS-FLIGHT1_V5.0.2, FP-SNS-MOTENV1_V4.3.1, FP-SNS-MOTENV1_V4.3.2, FP-SNS-MOTENVWB1_V1.3.1, FP-SNS-SMARTAG2_V1.2.0, STM32Cube_FW_C0_V1.1.0, STM32Cube_FW_F4_V1.28.0, STM32Cube_FW_F7_V1.17.0, STM32Cube_FW_G0_V1.6.2, STM32Cube_FW_G4_V1.5.2, STM32Cube_FW_H5_V0.5.1, STM32Cube_FW_H5_V1.1.1, STM32Cube_FW_H5_V1.2.0RC2, STM32Cube_FW_H7_V1.11.0, STM32Cube_FW_L0_V1.12.2, STM32Cube_FW_L5_V1.5.0, STM32Cube_FW_U5_V1.3.0RC4, STM32Cube_FW_U5_V1.4.0, STM32Cube_FW_WBA_V1.0.0RC1, STM32Cube_FW_WBA_V1.1.0RC1, STM32Cube_FW_WBA_V1.2.0, STM32Cube_FW_WBA_V1.2.0RC2, STM32Cube_FW_WB_V1.15.0RC1, STM32Cube_FW_WB_V1.16.0, STM32Cube_FW_WB_V1.16.0RC2, STM32Cube_FW_WB_V1.18.0, STM32Cube_FW_WL_V1.3.0, X-CUBE-ALGOBUILD_V1.3.0, X-CUBE-ALS_V1.0.1, X-CUBE-AZRTOS-F4_V1.1.0, X-CUBE-AZRTOS-F7_V1.1.0, X-CUBE-AZRTOS-G0_V1.1.0, X-CUBE-AZRTOS-G4_V2.0.0, X-CUBE-AZRTOS-H7_V3.2.0, X-CUBE-AZRTOS-L4_V1.0.0, X-CUBE-AZRTOS-L4_V2.0.0, X-CUBE-AZRTOS-L5_V1.1.0, X-CUBE-AZRTOS-WB_V2.0.0, X-CUBE-AZRTOS-WL_V2.0.0, X-CUBE-BLE1_V7.0.0, X-CUBE-BLE2_V3.3.0, X-CUBE-BLEMGR_V3.0.0, X-CUBE-EEPRMA1_V4.1.0, X-CUBE-EEPRMA1_V4.2.0, X-CUBE-FREERTOS_V1.1.0, X-CUBE-GNSS1_V6.0.0, X-CUBE-MEMS1_V10.0.0, X-CUBE-MEMS1_V9.1.0, X-CUBE-MEMS1_V9.4.0, X-CUBE-MEMS1_V9.6.0, X-CUBE-NFC4_V3.0.0, X-CUBE-NFC7_V1.0.1, X-CUBE-SFXS2LP1_V4.0.0, X-CUBE-SUBG2_V5.0.0, X-CUBE-TOF1_V3.4.0]
2024-02-03 13:39:05,322 [INFO] ApiDb:240 - Found 371 in-development CPN: [B-G473E-ZEST1S, B-WB1M-WPAN1, B-WL5M-SUBG1, NUCLEO-C031C6, NUCLEO-H503RB, NUCLEO-H563ZI, NUCLEO-U545RE-Q, NUCLEO-U5A5ZJ-Q, NUCLEO-WBA52CG, NUCLEO-WBA55CG, STEVAL-MKBOXPRO, STEVAL-PROTEUS1, STEVAL-STWINBX1, STM320518-EVAL, STM32C0116-DK, STM32C011D6Y3TR, STM32C011D6Y6TR, STM32C011F4P3, STM32C011F4P6, STM32C011F4U3, STM32C011F4U6TR, STM32C011F6P3, STM32C011F6P6, STM32C011F6U3, STM32C011F6U6TR, STM32C011J4M3, STM32C011J4M6, STM32C011J6M3, STM32C011J6M6, STM32C0316-DK, STM32C031C4T3, STM32C031C4T6, STM32C031C4U3, STM32C031C4U6, STM32C031C6T3, STM32C031C6T6, STM32C031C6U3, STM32C031C6U6, STM32C031F4P3, STM32C031F4P6, STM32C031F6P3, STM32C031F6P6, STM32C031G4U3, STM32C031G4U6, STM32C031G6U3, STM32C031G6U6, STM32C031K4T3, STM32C031K4T6, STM32C031K4U3, STM32C031K4U6, STM32C031K6T3, STM32C031K6T6, STM32C031K6U3, STM32C031K6U6, STM32G071K8TXN, STM32G071K8UXN, STM32G081GBU6N, STM32G081KBT6N, STM32G081KBUXN, STM32G0B1CCT6N, STM32G0B1KCT6, STM32G0B1NEY6TR, STM32G0B1RCT6N, STM32G0C1CCT6, STM32G0C1CCT6N, STM32G0C1CCU6N, STM32G0C1CET6N, STM32G0C1CEU6N, STM32G0C1KCT6, STM32G0C1NEY6TR, STM32G0C1RCI6N, STM32G0C1RCT6N, STM32G0C1REI6N, STM32G0C1RET6N, STM32G0C1VCI6, STM32G0C1VEI6, STM32G471CCT6, STM32G471CCU6, STM32G471CET3, STM32G471CET6, STM32G471CEU3, STM32G471CEU6, STM32G471MCT6, STM32G471MET3, STM32G471MET6, STM32G471MEY6TR, STM32G471QCT6, STM32G471QET3, STM32G471RCT6, STM32G471RET3, STM32G471RET6, STM32G471VCH6, STM32G471VCI6, STM32G471VCT6, STM32G471VEH3, STM32G471VEH6, STM32G471VEI3, STM32G471VEI6, STM32G471VET3, STM32G471VET6, STM32G474CCT6, STM32H503CBT6, STM32H503CBU6, STM32H503EBY6TR, STM32H503KBU6, STM32H503RBT6, STM32H562AGI6, STM32H562AII6, STM32H562IGK6, STM32H562IGT6, STM32H562IIK6, STM32H562IIT6, STM32H562RGT6, STM32H562RGV6, STM32H562RIT6, STM32H562RIV6, STM32H562VGT6, STM32H562VIT6, STM32H562ZGT6, STM32H562ZIT6, STM32H563AGI6, STM32H563AII3Q, STM32H563AII6, STM32H563IGK6, STM32H563IGT6, STM32H563IIK3Q, STM32H563IIK6, STM32H563IIT3Q, STM32H563IIT6, STM32H563MIY3QTR, STM32H563RGT6, STM32H563RGV6, STM32H563RIT6, STM32H563RIV6, STM32H563VGT6, STM32H563VIT3Q, STM32H563VIT6, STM32H563ZGT6, STM32H563ZIT3Q, STM32H563ZIT6, STM32H573AII3Q, STM32H573AII6, STM32H573I-DK, STM32H573IIK3Q, STM32H573IIK6, STM32H573IIT3Q, STM32H573IIT6, STM32H573MIY3QTR, STM32H573RIT6, STM32H573RIV6, STM32H573VIT3Q, STM32H573VIT6, STM32H573ZIT3Q, STM32H573ZIT6, STM32L4R5QGI6STR, STM32MP131AAE3, STM32MP131AAF3, STM32MP131AAG3, STM32MP131CAE3, STM32MP131CAF3, STM32MP131CAG3, STM32MP131DAE7, STM32MP131DAF7, STM32MP131DAG7, STM32MP131FAE7, STM32MP131FAF7, STM32MP131FAG7, STM32MP133AAE3, STM32MP133AAF3, STM32MP133AAG3, STM32MP133CAE3, STM32MP133CAF3, STM32MP133CAG3, STM32MP133DAE7, STM32MP133DAF7, STM32MP133DAG7, STM32MP133FAE7, STM32MP133FAF7, STM32MP133FAG7, STM32MP135AAE3, STM32MP135AAF3, STM32MP135AAG3, STM32MP135CAE3, STM32MP135CAF3, STM32MP135CAG3, STM32MP135DAE7, STM32MP135DAF7, STM32MP135DAG7, STM32MP135F-DK, STM32MP135FAE7, STM32MP135FAF7, STM32MP135FAF7T, STM32MP135FAF7U, STM32MP135FAG7, STM32U535CBT6, STM32U535CBT6Q, STM32U535CBU6, STM32U535CBU6Q, STM32U535CCT6, STM32U535CCT6Q, STM32U535CCU6, STM32U535CCU6Q, STM32U535CET6, STM32U535CET6Q, STM32U535CEU6, STM32U535CEU6Q, STM32U535JEY6QTR, STM32U535NCY6QTR, STM32U535NEY6QTR, STM32U535RBI6, STM32U535RBI6Q, STM32U535RBT6, STM32U535RBT6Q, STM32U535RCI6, STM32U535RCI6Q, STM32U535RCT6, STM32U535RCT6Q, STM32U535REI6, STM32U535REI6Q, STM32U535RET6, STM32U535RET6Q, STM32U535VCI6, STM32U535VCI6Q, STM32U535VCT6, STM32U535VCT6Q, STM32U535VEI6, STM32U535VEI6Q, STM32U535VET6, STM32U535VET6Q, STM32U545CET6, STM32U545CET6Q, STM32U545CEU6, STM32U545CEU6Q, STM32U545JEY6QTR, STM32U545NEY6QTR, STM32U545REI6, STM32U545REI6Q, STM32U545RET6, STM32U545RET6Q, STM32U545VEI6, STM32U545VEI6Q, STM32U545VET6, STM32U545VET6Q, STM32U595AIH6, STM32U595AIH6Q, STM32U595AJH6, STM32U595AJH6Q, STM32U595QII6, STM32U595QII6Q, STM32U595QJI6, STM32U595QJI6Q, STM32U595RIT6, STM32U595RIT6Q, STM32U595RJT6, STM32U595RJT6Q, STM32U595VIT6, STM32U595VIT6Q, STM32U595VJT6, STM32U595VJT6Q, STM32U595ZIT6, STM32U595ZIT6Q, STM32U595ZIY6QTR, STM32U595ZJT6, STM32U595ZJT6Q, STM32U595ZJY6QTR, STM32U599BJY6QTR, STM32U599NIH6Q, STM32U599NJH6Q, STM32U599VIT6Q, STM32U599VJT6, STM32U599VJT6Q, STM32U599ZIT6Q, STM32U599ZIY6QTR, STM32U599ZJT6Q, STM32U599ZJY6QTR, STM32U5A5AJH6, STM32U5A5AJH6Q, STM32U5A5QJI6, STM32U5A5QJI6Q, STM32U5A5RJT6, STM32U5A5RJT6Q, STM32U5A5VJT6, STM32U5A5VJT6Q, STM32U5A5ZJT6, STM32U5A5ZJT6Q, STM32U5A5ZJY6QTR, STM32U5A9BJY6QTR, STM32U5A9J-DK, STM32U5A9NJH6Q, STM32U5A9VJT6Q, STM32U5A9ZJT6Q, STM32U5A9ZJY6QTR, STM32U5F7VIT6, STM32U5F7VIT6Q, STM32U5F7VJT6, STM32U5F7VJT6Q, STM32U5F9BJY6QTR, STM32U5F9NJH6Q, STM32U5F9VIT6Q, STM32U5F9VJT6Q, STM32U5F9ZIJ6QTR, STM32U5F9ZIT6Q, STM32U5F9ZJJ6QTR, STM32U5F9ZJT6Q, STM32U5G7VJT6, STM32U5G7VJT6Q, STM32U5G9BJY6QTR, STM32U5G9J-DK1, STM32U5G9J-DK2, STM32U5G9NJH6Q, STM32U5G9VJT6Q, STM32U5G9ZJJ6QTR, STM32U5G9ZJT6Q, STM32WB1MMCH6, STM32WBA50KEU6, STM32WBA50KEU6TR, STM32WBA50KGU6, STM32WBA50KGU6TR, STM32WBA52CEU6, STM32WBA52CEU6TR, STM32WBA52CEU7, STM32WBA52CEU7TR, STM32WBA52CGU6, STM32WBA52CGU6TR, STM32WBA52CGU6U, STM32WBA52CGU7, STM32WBA52CGU7TR, STM32WBA52KEU6, STM32WBA52KEU6TR, STM32WBA52KGU6, STM32WBA52KGU6TR, STM32WBA54CEU6, STM32WBA54CEU6TR, STM32WBA54CEU7, STM32WBA54CEU7TR, STM32WBA54CGU6, STM32WBA54CGU6TR, STM32WBA54CGU7, STM32WBA54CGU7TR, STM32WBA54KEU6, STM32WBA54KEU6TR, STM32WBA54KEU7, STM32WBA54KEU7TR, STM32WBA54KGU6, STM32WBA54KGU6TR, STM32WBA54KGU7, STM32WBA54KGU7TR, STM32WBA55CEU6, STM32WBA55CEU6TR, STM32WBA55CEU7, STM32WBA55CEU7TR, STM32WBA55CGU6, STM32WBA55CGU6TR, STM32WBA55CGU6U, STM32WBA55CGU7, STM32WBA55CGU7TR, STM32WBA55G-DK1, STM32WBA55HEF6, STM32WBA55HEF7, STM32WBA55HGF6, STM32WBA55HGF7, STM32WBA55UEI6, STM32WBA55UEI6TR, STM32WBA55UEI7, STM32WBA55UEI7TR, STM32WBA55UGI6, STM32WBA55UGI6TR, STM32WBA55UGI7, STM32WBA55UGI7TR, STM32WL5MOCH6, STM32WL5MOCH6TR]
2024-02-03 13:39:05,329 [INFO] DbMcus:218 - Found 3930 MCUs, 3930 are supported
2024-02-03 13:39:05,333 [INFO] ApiDb:423 - Load user favorites file C:\Users\ravis/.stm32cubeide/favorites.mcus.txt: 0 item(s)
2024-02-03 13:39:05,334 [INFO] ApiDb:427 - User favorites MCUs=[]
2024-02-03 13:39:05,334 [INFO] DbMcus:224 - Set 0 / 0 favorites MCUs
2024-02-03 13:39:05,596 [INFO] ApiDb:423 - Load user favorites file C:\Users\ravis/.stm32cubeide/favorites.boards.txt: 0 item(s)
2024-02-03 13:39:05,596 [INFO] ApiDb:427 - User favorites Boards=[]
2024-02-03 13:39:05,596 [INFO] DbBoards:198 - Set 0 / 0 favorites Boards
2024-02-03 13:39:05,596 [INFO] McuFinderGlobals:76 - Set McuFinderConnectedMode to true
2024-02-03 13:39:05,603 [INFO] MultiScanPanel:200 - Auto-refresh data requested => check proxy status ongoing
2024-02-03 13:39:05,603 [INFO] FinderPluginLoader:95 - Searching for filters in installed packs
2024-02-03 13:39:07,152 [INFO] LoadUrlFilesThread:185 - End of LoadServerUrlFiles without Thread
2024-02-03 13:39:07,168 [INFO] DetailPanel:341 - Set advertising image to C:/Users/ravis/STM32Cube/Repository/\en.prom-stm32wl3-mcu-finder.jpg
2024-02-03 13:39:12,889 [INFO] MultiScanPanel:200 - Auto-refresh data requested => check proxy status ongoing
2024-02-03 13:39:13,089 [INFO] LoadUrlFilesThread:185 - End of LoadServerUrlFiles without Thread
2024-02-03 13:39:13,089 [INFO] DetailPanel:341 - Set advertising image to C:/Users/ravis/STM32Cube/Repository/\en.prom-stm32wl3-mcu-finder.jpg
2024-02-03 13:39:13,109 [INFO] DbBoards:642 - Loading board mini-images...
2024-02-03 13:39:14,277 [ERROR] DbBoards:659 - Image file not found for board NUCLEO-WBA55CG: C:\Users\ravis\.stmcufinder\plugins\mcufinder//mcu//boards_images/NUCLEO-WBA55CG.jpg
2024-02-03 13:39:15,758 [ERROR] DbBoards:659 - Image file not found for board STM32WBA55G-DK1: C:\Users\ravis\.stmcufinder\plugins\mcufinder//mcu//boards_images/STM32WBA55G-DK1.jpg
2024-02-03 13:39:15,758 [INFO] DbBoards:665 - Loaded 191 board mini-images
2024-02-03 13:39:47,471 [INFO] McuFinderGlobals:76 - Set McuFinderConnectedMode to true
2024-02-03 13:39:47,481 [INFO] ApiDb:448 - Save user favorites file C:\Users\ravis/.stm32cubeide/favorites.mcus.txt: 0 item(s)
2024-02-03 13:39:47,482 [INFO] ApiDb:452 - User favorites MCUs=[]
2024-02-03 13:39:47,486 [INFO] ApiDb:448 - Save user favorites file C:\Users\ravis/.stm32cubeide/favorites.boards.txt: 0 item(s)
2024-02-03 13:39:47,487 [INFO] ApiDb:452 - User favorites Boards=[]
2024-02-03 13:43:10,513 [ERROR] LogOutputStream:75 - [STDERR_REDIRECT] 
2024-02-03 13:43:10,513 [ERROR] LogOutputStream:75 - [STDERR_REDIRECT] 
2024-02-03 13:43:34,302 [INFO] Activator:176 - 


2024-02-03 13:43:34,304 [INFO] Activator:177 - !SESSION log4j initialized
2024-02-03 13:43:39,834 [INFO] LogOutputStream:77 - [STDOUT_REDIRECT] 
2024-02-03 13:43:41,786 [INFO] ApplicationProperties:184 - Using Application install path: C:\ST\STM32CubeIDE_1.14.0\STM32CubeIDE\plugins\com.st.stm32cube.common.mx_6.10.0.202311202037
2024-02-03 13:43:41,806 [INFO] DbMcusXml:78 - Set database path to: C:\ST\STM32CubeIDE_1.14.0\STM32CubeIDE\plugins\com.st.stm32cube.common.mx_6.10.0.202311202037\\db\/mcu/
2024-02-03 13:43:41,806 [INFO] ApiDb:274 - Set plugin database path to: C:\ST\STM32CubeIDE_1.14.0\STM32CubeIDE\plugins\com.st.stm32cube.common.mx_6.10.0.202311202037\\db\/plugins/boardmanager/
2024-02-03 13:43:41,806 [WARN] ApiDb:259 - Overriding images path with different value:  => C:\ST\STM32CubeIDE_1.14.0\STM32CubeIDE\plugins\com.st.stm32cube.common.mx_6.10.0.202311202037\\db\/plugins/mcufinder/images/
2024-02-03 13:43:41,813 [INFO] ApiDb:250 - Set database path to: C:\Users\ravis\.stmcufinder\plugins\mcufinder//mcu/
2024-02-03 13:43:41,815 [INFO] DbMcusAds:125 - Set database path to: C:\Users\ravis\.stmcufinder\plugins\mcufinder//mcu/
2024-02-03 13:43:41,817 [INFO] CrossReferenceDbSqlite:203 - Set database path to: C:\Users\ravis\.stmcufinder\plugins\mcufinder//mcu/cs/
2024-02-03 13:43:41,953 [INFO] RulesReader:64 - Compatibility file has been processed (297 Rules)
2024-02-03 13:43:42,035 [INFO] DbMcusXml:78 - Set database path to: C:\ST\STM32CubeIDE_1.14.0\STM32CubeIDE\plugins\com.st.stm32cube.common.mx_6.10.0.202311202037\\db\/mcu/
2024-02-03 13:43:42,035 [INFO] ApiDb:274 - Set plugin database path to: C:\ST\STM32CubeIDE_1.14.0\STM32CubeIDE\plugins\com.st.stm32cube.common.mx_6.10.0.202311202037\\db\/plugins/boardmanager/
2024-02-03 13:43:42,036 [INFO] ApiDb:261 - Set plugin images path to: C:\ST\STM32CubeIDE_1.14.0\STM32CubeIDE\plugins\com.st.stm32cube.common.mx_6.10.0.202311202037\\db\/plugins/mcufinder/images/
2024-02-03 13:43:42,036 [WARN] DbFile:41 - Overriding database path with different value: C:\Users\ravis\.stmcufinder\plugins\mcufinder/ => C:\Users\ravis\.stmcufinder\plugins\mcufinder
2024-02-03 13:43:42,036 [INFO] ApiDb:250 - Set database path to: C:\Users\ravis\.stmcufinder\plugins\mcufinder//mcu/
2024-02-03 13:43:42,037 [WARN] DbFile:41 - Overriding database path with different value: C:\Users\ravis\.stmcufinder\plugins\mcufinder/ => C:\Users\ravis\.stmcufinder\plugins\mcufinder
2024-02-03 13:43:42,037 [INFO] DbMcusAds:125 - Set database path to: C:\Users\ravis\.stmcufinder\plugins\mcufinder//mcu/
2024-02-03 13:43:42,037 [WARN] DbFile:41 - Overriding database path with different value: C:\Users\ravis\.stmcufinder\plugins\mcufinder/ => C:\Users\ravis\.stmcufinder\plugins\mcufinder
2024-02-03 13:43:42,037 [WARN] DbFile:41 - Overriding database path with different value: C:\Users\ravis\.stmcufinder\plugins\mcufinder/ => C:\Users\ravis\.stmcufinder\plugins\mcufinder
2024-02-03 13:43:42,037 [INFO] CrossReferenceDbSqlite:203 - Set database path to: C:\Users\ravis\.stmcufinder\plugins\mcufinder//mcu/cs/
2024-02-03 13:43:42,122 [INFO] MainPanel:264 - HeapMemory: 268435456
2024-02-03 13:43:42,211 [INFO] DbMcusXml:78 - Set database path to: C:\ST\STM32CubeIDE_1.14.0\STM32CubeIDE\plugins\com.st.stm32cube.common.mx_6.10.0.202311202037\\db\/mcu/
2024-02-03 13:43:42,212 [INFO] ApiDb:274 - Set plugin database path to: C:\ST\STM32CubeIDE_1.14.0\STM32CubeIDE\plugins\com.st.stm32cube.common.mx_6.10.0.202311202037\\db\/plugins/boardmanager/
2024-02-03 13:43:42,212 [INFO] ApiDb:261 - Set plugin images path to: C:\ST\STM32CubeIDE_1.14.0\STM32CubeIDE\plugins\com.st.stm32cube.common.mx_6.10.0.202311202037\\db\/plugins/mcufinder/images/
2024-02-03 13:43:42,212 [WARN] DbFile:41 - Overriding database path with different value: C:\Users\ravis\.stmcufinder\plugins\mcufinder/ => C:\Users\ravis\.stmcufinder\plugins\mcufinder
2024-02-03 13:43:42,212 [INFO] ApiDb:250 - Set database path to: C:\Users\ravis\.stmcufinder\plugins\mcufinder//mcu/
2024-02-03 13:43:42,212 [WARN] DbFile:41 - Overriding database path with different value: C:\Users\ravis\.stmcufinder\plugins\mcufinder/ => C:\Users\ravis\.stmcufinder\plugins\mcufinder
2024-02-03 13:43:42,212 [INFO] DbMcusAds:125 - Set database path to: C:\Users\ravis\.stmcufinder\plugins\mcufinder//mcu/
2024-02-03 13:43:42,212 [WARN] DbFile:41 - Overriding database path with different value: C:\Users\ravis\.stmcufinder\plugins\mcufinder/ => C:\Users\ravis\.stmcufinder\plugins\mcufinder
2024-02-03 13:43:42,212 [WARN] DbFile:41 - Overriding database path with different value: C:\Users\ravis\.stmcufinder\plugins\mcufinder/ => C:\Users\ravis\.stmcufinder\plugins\mcufinder
2024-02-03 13:43:42,213 [INFO] CrossReferenceDbSqlite:203 - Set database path to: C:\Users\ravis\.stmcufinder\plugins\mcufinder//mcu/cs/
2024-02-03 13:43:42,233 [INFO] ApplicationProperties:184 - Using Application install path: C:\ST\STM32CubeIDE_1.14.0\STM32CubeIDE\plugins\com.st.stm32cube.common.mx_6.10.0.202311202037
2024-02-03 13:43:42,235 [INFO] PluginManage:196 - Search for loadable plugins [exclusion list=, ]
2024-02-03 13:43:42,236 [INFO] PluginManage:310 - Check plugin analytics
2024-02-03 13:43:42,442 [INFO] AnalyticsPlugin:253 - Accepted Software Licenses: 
2024-02-03 13:43:42,443 [INFO] AnalyticsPlugin:255 - Accepted CMSIS Pack Licenses: 
2024-02-03 13:43:42,443 [INFO] AnalyticsPlugin:257 - Accepted Firmware Licenses: FW.F4.1.28.0
2024-02-03 13:43:42,446 [INFO] PluginManage:359 - Loaded plugin analytics (category:tool,tabindex:-1)
2024-02-03 13:43:42,446 [INFO] PluginManage:310 - Check plugin cadmodel
2024-02-03 13:43:42,461 [INFO] CADModel:105 - Init CAD model plugin
2024-02-03 13:43:42,462 [INFO] PluginManage:359 - Loaded plugin cadmodel (category:power,tabindex:5)
2024-02-03 13:43:42,462 [INFO] PluginManage:310 - Check plugin clock
2024-02-03 13:43:42,485 [INFO] PluginManage:359 - Loaded plugin clock (category:base,tabindex:2)
2024-02-03 13:43:42,485 [INFO] PluginManage:310 - Check plugin ddr
2024-02-03 13:43:42,487 [INFO] PluginManage:359 - Loaded plugin ddr (category:tool,tabindex:6)
2024-02-03 13:43:42,488 [INFO] PluginManage:310 - Check plugin filemanager
2024-02-03 13:43:42,670 [INFO] PluginManage:359 - Loaded plugin filemanager (category:base,tabindex:10)
2024-02-03 13:43:42,670 [INFO] PluginManage:310 - Check plugin ipmanager
2024-02-03 13:43:42,677 [INFO] PluginManage:359 - Loaded plugin ipmanager (category:base,tabindex:5)
2024-02-03 13:43:42,678 [INFO] PluginManage:310 - Check plugin lpbam
2024-02-03 13:43:42,691 [INFO] PluginManage:359 - Loaded plugin lpbam (category:base,tabindex:0)
2024-02-03 13:43:42,692 [INFO] PluginManage:310 - Check plugin memorymap
2024-02-03 13:43:42,712 [INFO] PluginManage:359 - Loaded plugin memorymap (category:base,tabindex:4)
2024-02-03 13:43:42,712 [INFO] PluginManage:310 - Check plugin pinoutandconfiguration
2024-02-03 13:43:42,726 [INFO] PluginManage:359 - Loaded plugin pinoutandconfiguration (category:base,tabindex:1)
2024-02-03 13:43:42,726 [INFO] PluginManage:310 - Check plugin pinoutconfig
2024-02-03 13:43:42,836 [WARN] SupportedApi:132 - Cannot load RTOS API schema: s4s-elt-must-match.1: The content of 'definitions' must match (annotation?, (simpleType | complexType)?, (unique | key | keyref)*)). A problem was found starting at: attribute.
2024-02-03 13:43:42,951 [INFO] PluginManage:359 - Loaded plugin pinoutconfig (category:base,tabindex:0)
2024-02-03 13:43:42,951 [INFO] PluginManage:310 - Check plugin power
2024-02-03 13:43:42,970 [INFO] PluginManage:359 - Loaded plugin power (category:power,tabindex:4)
2024-02-03 13:43:42,970 [INFO] PluginManage:310 - Check plugin projectmanager
2024-02-03 13:43:42,986 [INFO] PluginManage:359 - Loaded plugin projectmanager (category:projectmanager,tabindex:3)
2024-02-03 13:43:42,986 [INFO] PluginManage:310 - Check plugin thirdparty
2024-02-03 13:43:43,232 [INFO] PluginManage:359 - Loaded plugin thirdparty (category:base,tabindex:-1)
2024-02-03 13:43:43,232 [INFO] PluginManage:310 - Check plugin tools
2024-02-03 13:43:43,232 [WARN] IntegrityCheckThread:84 - waiting for thirdparty lock release [integrity check]
2024-02-03 13:43:43,232 [INFO] IntegrityCheckThread:86 - entering critical section [integrity check]
2024-02-03 13:43:43,234 [INFO] ThirdPartyUpdaterWithRetryManager:70 - Updater plugin not ready yet. [1/15]
2024-02-03 13:43:43,266 [INFO] PluginManage:359 - Loaded plugin tools (category:base,tabindex:7)
2024-02-03 13:43:43,268 [INFO] PluginManage:310 - Check plugin tutovideos
2024-02-03 13:43:43,457 [INFO] PluginManage:359 - Loaded plugin tutovideos (category:base,tabindex:-1)
2024-02-03 13:43:43,458 [INFO] PluginManage:310 - Check plugin updater
2024-02-03 13:43:43,467 [INFO] PluginManage:359 - Loaded plugin updater (category:base,tabindex:12)
2024-02-03 13:43:43,468 [INFO] PluginManage:310 - Check plugin userauth
2024-02-03 13:43:43,473 [INFO] UserAuth:114 - Init User Auth plugin
2024-02-03 13:43:43,473 [INFO] PluginManage:359 - Loaded plugin userauth (category:base,tabindex:14)
2024-02-03 13:43:43,473 [INFO] PluginManage:283 - PluginManage : Loaded plugins [17]
2024-02-03 13:43:43,740 [INFO] PinOutPanel:1499 - setPackage(No Configuration,No Configuration)
2024-02-03 13:43:43,844 [INFO] CADModel:165 - CPN selected for project level
2024-02-03 13:43:43,844 [INFO] CADModel:114 - Register for checkConnection events
2024-02-03 13:43:43,868 [INFO] IPUIPlugin:80 - create IPUIPlugin
2024-02-03 13:43:43,868 [INFO] PluginManager:220 - loadIPPluginJar : add adc
2024-02-03 13:43:43,910 [INFO] IPUIPlugin:80 - create IPUIPlugin
2024-02-03 13:43:43,911 [INFO] PluginManager:220 - loadIPPluginJar : add aes
2024-02-03 13:43:43,962 [INFO] IPUIPlugin:80 - create IPUIPlugin
2024-02-03 13:43:43,962 [INFO] PluginManager:220 - loadIPPluginJar : add can
2024-02-03 13:43:43,964 [INFO] IPUIPlugin:80 - create IPUIPlugin
2024-02-03 13:43:43,964 [INFO] PluginManager:220 - loadIPPluginJar : add comp
2024-02-03 13:43:44,002 [INFO] IPUIPlugin:80 - create IPUIPlugin
2024-02-03 13:43:44,002 [INFO] PluginManager:220 - loadIPPluginJar : add cryp
2024-02-03 13:43:44,005 [INFO] IPUIPlugin:80 - create IPUIPlugin
2024-02-03 13:43:44,005 [INFO] PluginManager:220 - loadIPPluginJar : add dfsdm
2024-02-03 13:43:44,020 [INFO] IPUIPlugin:80 - create IPUIPlugin
2024-02-03 13:43:44,021 [INFO] PluginManager:220 - loadIPPluginJar : add dma
2024-02-03 13:43:44,065 [INFO] IPUIPlugin:80 - create IPUIPlugin
2024-02-03 13:43:44,065 [INFO] PluginManager:220 - loadIPPluginJar : add dma3
2024-02-03 13:43:44,087 [INFO] IPUIPlugin:80 - create IPUIPlugin
2024-02-03 13:43:44,087 [INFO] PluginManager:220 - loadIPPluginJar : add fatfs
2024-02-03 13:43:44,127 [INFO] IPUIPlugin:80 - create IPUIPlugin
2024-02-03 13:43:44,127 [INFO] PluginManager:220 - loadIPPluginJar : add fmc
2024-02-03 13:43:44,139 [INFO] IPUIPlugin:80 - create IPUIPlugin
2024-02-03 13:43:44,139 [INFO] PluginManager:220 - loadIPPluginJar : add freertos
2024-02-03 13:43:44,155 [INFO] IPUIPlugin:80 - create IPUIPlugin
2024-02-03 13:43:44,155 [INFO] PluginManager:220 - loadIPPluginJar : add genericplugin
2024-02-03 13:43:44,238 [INFO] IPUIPlugin:80 - create IPUIPlugin
2024-02-03 13:43:44,238 [INFO] PluginManager:220 - loadIPPluginJar : add gfxmmu
2024-02-03 13:43:44,375 [INFO] IPUIPlugin:80 - create IPUIPlugin
2024-02-03 13:43:44,375 [INFO] PluginManager:220 - loadIPPluginJar : add gic
2024-02-03 13:43:44,387 [INFO] IPUIPlugin:80 - create IPUIPlugin
2024-02-03 13:43:44,387 [INFO] PluginManager:220 - loadIPPluginJar : add gpio
2024-02-03 13:43:44,469 [INFO] IPUIPlugin:80 - create IPUIPlugin
2024-02-03 13:43:44,469 [INFO] PluginManager:220 - loadIPPluginJar : add gtzc
2024-02-03 13:43:44,497 [INFO] IPUIPlugin:80 - create IPUIPlugin
2024-02-03 13:43:44,497 [INFO] PluginManager:220 - loadIPPluginJar : add hash
2024-02-03 13:43:44,546 [INFO] IPUIPlugin:80 - create IPUIPlugin
2024-02-03 13:43:44,546 [INFO] PluginManager:220 - loadIPPluginJar : add i2c
2024-02-03 13:43:44,578 [INFO] IPUIPlugin:80 - create IPUIPlugin
2024-02-03 13:43:44,578 [INFO] PluginManager:220 - loadIPPluginJar : add i2s
2024-02-03 13:43:44,614 [INFO] IPUIPlugin:80 - create IPUIPlugin
2024-02-03 13:43:44,614 [INFO] PluginManager:220 - loadIPPluginJar : add i3c
2024-02-03 13:43:44,722 [INFO] IPUIPlugin:80 - create IPUIPlugin
2024-02-03 13:43:44,722 [INFO] PluginManager:220 - loadIPPluginJar : add ipddr
2024-02-03 13:43:44,811 [INFO] IPUIPlugin:80 - create IPUIPlugin
2024-02-03 13:43:44,811 [INFO] PluginManager:220 - loadIPPluginJar : add linkedlist
2024-02-03 13:43:44,841 [INFO] IPUIPlugin:80 - create IPUIPlugin
2024-02-03 13:43:44,841 [INFO] PluginManager:220 - loadIPPluginJar : add lorawan
2024-02-03 13:43:44,873 [INFO] IPUIPlugin:80 - create IPUIPlugin
2024-02-03 13:43:44,873 [INFO] PluginManager:220 - loadIPPluginJar : add ltdc
2024-02-03 13:43:44,886 [INFO] IPUIPlugin:80 - create IPUIPlugin
2024-02-03 13:43:44,887 [INFO] PluginManager:220 - loadIPPluginJar : add mdma
2024-02-03 13:43:44,897 [INFO] IPUIPlugin:80 - create IPUIPlugin
2024-02-03 13:43:44,897 [INFO] PluginManager:220 - loadIPPluginJar : add nvic
2024-02-03 13:43:44,929 [INFO] IPUIPlugin:80 - create IPUIPlugin
2024-02-03 13:43:44,930 [INFO] PluginManager:220 - loadIPPluginJar : add opamp
2024-02-03 13:43:44,988 [INFO] IPUIPlugin:80 - create IPUIPlugin
2024-02-03 13:43:44,988 [INFO] PluginManager:220 - loadIPPluginJar : add openamp
2024-02-03 13:43:45,024 [INFO] IPUIPlugin:80 - create IPUIPlugin
2024-02-03 13:43:45,025 [INFO] PluginManager:220 - loadIPPluginJar : add pdm2pcm
2024-02-03 13:43:45,038 [INFO] IPUIPlugin:80 - create IPUIPlugin
2024-02-03 13:43:45,040 [INFO] PluginManager:220 - loadIPPluginJar : add plateformsettings
2024-02-03 13:43:45,059 [INFO] IPUIPlugin:80 - create IPUIPlugin
2024-02-03 13:43:45,060 [INFO] PluginManager:220 - loadIPPluginJar : add quadspi
2024-02-03 13:43:45,071 [INFO] IPUIPlugin:80 - create IPUIPlugin
2024-02-03 13:43:45,071 [INFO] PluginManager:220 - loadIPPluginJar : add resmgrutility
2024-02-03 13:43:45,121 [INFO] IPUIPlugin:80 - create IPUIPlugin
2024-02-03 13:43:45,122 [INFO] PluginManager:220 - loadIPPluginJar : add sai
2024-02-03 13:43:45,157 [INFO] IPUIPlugin:80 - create IPUIPlugin
2024-02-03 13:43:45,157 [INFO] PluginManager:220 - loadIPPluginJar : add spi
2024-02-03 13:43:45,229 [INFO] IPUIPlugin:80 - create IPUIPlugin
2024-02-03 13:43:45,229 [INFO] PluginManager:220 - loadIPPluginJar : add stm32_wpan
2024-02-03 13:43:45,255 [INFO] IPUIPlugin:80 - create IPUIPlugin
2024-02-03 13:43:45,255 [INFO] PluginManager:220 - loadIPPluginJar : add tim
2024-02-03 13:43:45,319 [INFO] IPUIPlugin:80 - create IPUIPlugin
2024-02-03 13:43:45,319 [INFO] PluginManager:220 - loadIPPluginJar : add touchsensing
2024-02-03 13:43:45,337 [INFO] IPUIPlugin:80 - create IPUIPlugin
2024-02-03 13:43:45,338 [INFO] PluginManager:220 - loadIPPluginJar : add tracer_emb
2024-02-03 13:43:45,340 [INFO] IPUIPlugin:80 - create IPUIPlugin
2024-02-03 13:43:45,340 [INFO] PluginManager:220 - loadIPPluginJar : add ts
2024-02-03 13:43:45,358 [INFO] IPUIPlugin:80 - create IPUIPlugin
2024-02-03 13:43:45,358 [INFO] PluginManager:220 - loadIPPluginJar : add tsc
2024-02-03 13:43:45,376 [INFO] IPUIPlugin:80 - create IPUIPlugin
2024-02-03 13:43:45,376 [INFO] PluginManager:220 - loadIPPluginJar : add ucpd
2024-02-03 13:43:45,416 [INFO] IPUIPlugin:80 - create IPUIPlugin
2024-02-03 13:43:45,416 [INFO] PluginManager:220 - loadIPPluginJar : add usart
2024-02-03 13:43:45,457 [INFO] IPUIPlugin:80 - create IPUIPlugin
2024-02-03 13:43:45,457 [INFO] PluginManager:220 - loadIPPluginJar : add usbx
2024-02-03 13:43:45,582 [INFO] CADModel:165 - CPN selected for project level
2024-02-03 13:43:45,582 [INFO] CADModel:114 - Register for checkConnection events
2024-02-03 13:43:45,582 [FATAL] Updater:308 - Updater called before beeing initialized
2024-02-03 13:43:45,583 [ERROR] CADModel:125 - Updater not yet initialized, retry later 
2024-02-03 13:43:45,698 [INFO] CADModel:165 - CPN selected for project level
2024-02-03 13:43:45,698 [INFO] CADModel:114 - Register for checkConnection events
2024-02-03 13:43:45,698 [FATAL] Updater:308 - Updater called before beeing initialized
2024-02-03 13:43:45,698 [ERROR] CADModel:125 - Updater not yet initialized, retry later 
2024-02-03 13:43:45,701 [FATAL] Updater:308 - Updater called before beeing initialized
2024-02-03 13:43:45,823 [FATAL] Updater:308 - Updater called before beeing initialized
2024-02-03 13:43:45,833 [INFO] DbMcusAds:53 - JSON generation date=Wed Nov 29 16:22:27 IST 2023 (1701255147200)
2024-02-03 13:43:45,833 [FATAL] Updater:308 - Updater called before beeing initialized
2024-02-03 13:43:45,908 [WARN] DetailPanel:346 - Failed to get advertising image, set to default
2024-02-03 13:43:46,011 [FATAL] Updater:308 - Updater called before beeing initialized
2024-02-03 13:43:46,012 [FATAL] Updater:308 - Updater called before beeing initialized
2024-02-03 13:43:46,012 [FATAL] Updater:308 - Updater called before beeing initialized
2024-02-03 13:43:46,012 [WARN] DetailPanel:346 - Failed to get advertising image, set to default
2024-02-03 13:43:46,013 [FATAL] Updater:308 - Updater called before beeing initialized
2024-02-03 13:43:46,069 [ERROR] Updater:1120 - MainUpdater not yet initialized. External WinMGr cannot be set.
2024-02-03 13:43:46,080 [INFO] Updater:1056 - Updater Version found : 6.10.0
2024-02-03 13:43:46,096 [INFO] ApplicationProperties:184 - Using Application install path: C:\ST\STM32CubeIDE_1.14.0\STM32CubeIDE\plugins\com.st.stm32cube.common.mx_6.10.0.202311202037
2024-02-03 13:43:46,234 [INFO] ThirdPartyUpdaterWithRetryManager:70 - Updater plugin not ready yet. [2/15]
2024-02-03 13:43:47,672 [ERROR] LogOutputStream:75 - [STDERR_REDIRECT] Feb 03, 2024 1:43:47 PM java.util.prefs.WindowsPreferences <init>
2024-02-03 13:43:47,674 [ERROR] LogOutputStream:75 - [STDERR_REDIRECT] WARNING: Could not open/create prefs root node Software\JavaSoft\Prefs at root 0xffffffff80000002. Windows RegCreateKeyEx(...) returned error code 5.
2024-02-03 13:43:47,675 [ERROR] LogOutputStream:75 - [STDERR_REDIRECT] 
2024-02-03 13:43:48,564 [INFO] MainUpdater:2873 - connection check result : 10
2024-02-03 13:43:48,565 [INFO] MainUpdater:290 - Updater Check For Update Now.
2024-02-03 13:43:48,565 [INFO] MicroXplorer:498 - Change Database Version : DB.6.0.100
2024-02-03 13:43:48,582 [INFO] McuFinderGlobals:63 - Set McuFinder mode to 2 (CubeIDE integrated)
2024-02-03 13:43:48,597 [INFO] UserAuth:404 - Internet connection configuration mode: 1
2024-02-03 13:43:48,634 [INFO] JxBrowserEngine:152 - Initiate JxBrowser Engine with user profile folder
2024-02-03 13:43:48,780 [INFO] CheckServerUpdateThread:120 - End of CheckServer Thread
2024-02-03 13:43:49,501 [WARN] PackLoader:240 - Cannot read IP mode file for STMicroelectronics.X-CUBE-SMBUS.2.1.0
2024-02-03 13:43:49,526 [WARN] PackLoader:240 - Cannot read IP mode file for STMicroelectronics.X-CUBE-TOUCHGFX.4.23.0
2024-02-03 13:43:49,583 [WARN] PackLoader:240 - Cannot read IP mode file for STMicroelectronics.X-CUBE-AZRTOS-F7.1.1.0
2024-02-03 13:43:49,636 [WARN] PackLoader:240 - Cannot read IP mode file for STMicroelectronics.FP-SNS-MOTENV1.4.3.2
2024-02-03 13:43:49,659 [WARN] PackLoader:240 - Cannot read IP mode file for STMicroelectronics.FP-SNS-FLIGHT1.5.0.2
2024-02-03 13:43:49,690 [WARN] PackLoader:240 - Cannot read IP mode file for STMicroelectronics.X-CUBE-DISPLAY.3.0.0
2024-02-03 13:43:49,723 [WARN] PackLoader:240 - Cannot read IP mode file for STMicroelectronics.X-CUBE-BLE1.7.0.0
2024-02-03 13:43:49,742 [WARN] PackLoader:240 - Cannot read IP mode file for emotas.I-CUBE-CANOPEN.1.3.0
2024-02-03 13:43:49,756 [WARN] PackLoader:240 - Cannot read IP mode file for STMicroelectronics.X-CUBE-TOUCHGFX.4.22.1
2024-02-03 13:43:49,772 [WARN] PackLoader:240 - Cannot read IP mode file for STMicroelectronics.FP-SNS-SMARTAG2.1.2.0
2024-02-03 13:43:49,807 [INFO] LogOutputStream:77 - [STDOUT_REDIRECT] 1 : Invalid condition id : UX_CORESTACK_Condition cause : null
2024-02-03 13:43:49,808 [INFO] LogOutputStream:77 - [STDOUT_REDIRECT] 1 : Invalid condition id : UX_CORESTACK_Condition cause : null
2024-02-03 13:43:49,810 [INFO] LogOutputStream:77 - [STDOUT_REDIRECT] 1 : Invalid condition id : UX_CORESTACK_Condition cause : null
2024-02-03 13:43:49,811 [INFO] LogOutputStream:77 - [STDOUT_REDIRECT] 1 : Invalid condition id : UX_CORESTACK_Condition cause : null
2024-02-03 13:43:49,813 [INFO] LogOutputStream:77 - [STDOUT_REDIRECT] 1 : Invalid condition id : UX_CORESTACK_Condition cause : null
2024-02-03 13:43:49,819 [WARN] PackLoader:240 - Cannot read IP mode file for STMicroelectronics.X-CUBE-AZRTOS-WL.2.0.0
2024-02-03 13:43:49,845 [WARN] PackLoader:240 - Cannot read IP mode file for WES.I-CUBE-Cesium.1.3.0
2024-02-03 13:43:49,865 [WARN] PackLoader:240 - Cannot read IP mode file for STMicroelectronics.X-CUBE-BLE2.3.3.0
2024-02-03 13:43:49,889 [WARN] PackLoader:240 - Cannot read IP mode file for STMicroelectronics.X-CUBE-ALGOBUILD.1.3.0
2024-02-03 13:43:49,933 [WARN] PackLoader:240 - Cannot read IP mode file for STMicroelectronics.X-CUBE-AZRTOS-G0.1.1.0
2024-02-03 13:43:49,962 [WARN] PackLoader:240 - Cannot read IP mode file for STMicroelectronics.X-CUBE-NFC4.3.0.0
2024-02-03 13:43:49,993 [WARN] PackLoader:240 - Cannot read IP mode file for STMicroelectronics.X-CUBE-BLEMGR.3.0.0
2024-02-03 13:43:50,007 [WARN] PackLoader:240 - Cannot read IP mode file for STMicroelectronics.FP-ATR-SIGFOX1.3.2.0
2024-02-03 13:43:50,031 [WARN] PackLoader:240 - Cannot read IP mode file for STMicroelectronics.X-CUBE-EEPRMA1.5.1.0
2024-02-03 13:43:50,084 [WARN] PackLoader:240 - Cannot read IP mode file for SEGGER.I-CUBE-embOS.1.3.1
2024-02-03 13:43:50,157 [WARN] PackLoader:240 - Cannot read IP mode file for STMicroelectronics.X-CUBE-GNSS1.6.0.0
2024-02-03 13:43:50,195 [WARN] PackLoader:240 - Cannot read IP mode file for STMicroelectronics.X-CUBE-AZRTOS-F4.1.1.0
2024-02-03 13:43:50,219 [WARN] PackLoader:240 - Cannot read IP mode file for wolfSSL.I-CUBE-wolfSSL.5.6.4
2024-02-03 13:43:50,261 [WARN] PackLoader:240 - Cannot read IP mode file for STMicroelectronics.X-CUBE-AZRTOS-L5.2.0.0
2024-02-03 13:43:50,280 [WARN] PackLoader:240 - Cannot read IP mode file for STMicroelectronics.X-CUBE-EEPRMA1.4.2.0
2024-02-03 13:43:50,298 [WARN] PackLoader:240 - Cannot read IP mode file for ITTIA_DB.I-CUBE-ITTIADB.8.8.0
2024-02-03 13:43:50,314 [WARN] PackLoader:240 - Cannot read IP mode file for STMicroelectronics.X-CUBE-NFC7.1.0.1
2024-02-03 13:43:50,334 [WARN] PackLoader:240 - Cannot read IP mode file for STMicroelectronics.X-CUBE-NFC6.3.0.0
2024-02-03 13:43:50,352 [WARN] PackLoader:240 - Cannot read IP mode file for STMicroelectronics.X-CUBE-AI.8.1.0
2024-02-03 13:43:50,389 [WARN] ConditionMgr:438 - getConditionDescription Invalid condition id : LAN8742 Phy interface Condition cause : null
2024-02-03 13:43:50,390 [WARN] PackLoader:240 - Cannot read IP mode file for STMicroelectronics.X-CUBE-AZRTOS-L4.2.0.0
2024-02-03 13:43:50,398 [WARN] ConditionMgr:1039 - genDependencies : Invalid condition id : LAN8742 Phy interface Condition cause : null
2024-02-03 13:43:50,399 [WARN] ConditionMgr:1039 - genDependencies : Invalid condition id : LAN8742 Phy interface Condition cause : null
2024-02-03 13:43:50,399 [WARN] ConditionMgr:1039 - genDependencies : Invalid condition id : LAN8742 Phy interface Condition cause : null
2024-02-03 13:43:50,428 [WARN] PackLoader:240 - Cannot read IP mode file for STMicroelectronics.X-CUBE-SFXS2LP1.4.0.0
2024-02-03 13:43:50,465 [WARN] ConditionMgr:438 - getConditionDescription Invalid condition id : UX DEVICE CLASS RTOS Condition cause : null
2024-02-03 13:43:50,465 [WARN] ConditionMgr:438 - getConditionDescription Invalid condition id : UX DEVICE CLASS RTOS Condition cause : null
2024-02-03 13:43:50,469 [WARN] PackLoader:240 - Cannot read IP mode file for STMicroelectronics.X-CUBE-AZRTOS-WB.2.0.0
2024-02-03 13:43:50,470 [WARN] ConditionMgr:1039 - genDependencies : Invalid condition id : UX DEVICE CLASS RTOS Condition cause : null
2024-02-03 13:43:50,471 [WARN] ConditionMgr:1039 - genDependencies : Invalid condition id : UX DEVICE CLASS RTOS Condition cause : null
2024-02-03 13:43:50,472 [WARN] ConditionMgr:1039 - genDependencies : Invalid condition id : UX DEVICE CLASS RTOS Condition cause : null
2024-02-03 13:43:50,472 [WARN] ConditionMgr:1039 - genDependencies : Invalid condition id : UX DEVICE CLASS RTOS Condition cause : null
2024-02-03 13:43:50,472 [WARN] ConditionMgr:1039 - genDependencies : Invalid condition id : UX DEVICE CLASS RTOS Condition cause : null
2024-02-03 13:43:50,505 [WARN] PackLoader:240 - Cannot read IP mode file for STMicroelectronics.X-CUBE-SUBG2.5.0.0
2024-02-03 13:43:50,549 [WARN] PackLoader:240 - Cannot read IP mode file for STMicroelectronics.X-CUBE-AZRTOS-G4.2.0.0
2024-02-03 13:43:50,585 [WARN] PackLoader:240 - Cannot read IP mode file for Infineon.AIROC-Wi-Fi-Bluetooth-STM32.1.5.1
2024-02-03 13:43:50,596 [WARN] PackLoader:240 - Cannot read IP mode file for STMicroelectronics.FP-SNS-MOTENVWB1.1.3.1
2024-02-03 13:43:50,613 [WARN] PackLoader:240 - Cannot read IP mode file for STMicroelectronics.X-CUBE-ISPU.2.0.0
2024-02-03 13:43:50,678 [WARN] PackLoader:240 - Cannot read IP mode file for STMicroelectronics.X-CUBE-MEMS1.10.0.0
2024-02-03 13:43:50,843 [WARN] PackLoader:240 - Cannot read IP mode file for STMicroelectronics.X-CUBE-FREERTOS.1.1.0
2024-02-03 13:43:50,866 [WARN] PackLoader:240 - Cannot read IP mode file for portGmbH.I-Cube-SoM-uGOAL.1.1.0
2024-02-03 13:43:50,887 [WARN] PackLoader:240 - Cannot read IP mode file for STMicroelectronics.X-CUBE-ALS.1.0.1
2024-02-03 13:43:50,909 [WARN] PackLoader:240 - Cannot read IP mode file for STMicroelectronics.FP-ATR-ASTRA1.2.0.0
2024-02-03 13:43:50,935 [WARN] PackLoader:240 - Cannot read IP mode file for STMicroelectronics.X-CUBE-TOF1.3.4.0
2024-02-03 13:43:51,001 [WARN] PackLoader:240 - Cannot read IP mode file for STMicroelectronics.X-CUBE-AZRTOS-H7.3.2.0
2024-02-03 13:43:51,007 [INFO] ThirdParty:978 - Integrity check success = true
2024-02-03 13:43:51,007 [INFO] IntegrityCheckThread:100 - exiting critical section [integrity check]
2024-02-03 13:43:51,007 [INFO] IntegrityCheckThread:103 - End integrity checks thread
2024-02-03 13:43:52,195 [INFO] WebApp:161 - Instantiating new browser for Auth
2024-02-03 13:43:52,880 [INFO] WebApp:780 - Register for checkConnection events
2024-02-03 13:43:52,880 [INFO] WebApp:414 - Apply proxy settings
2024-02-03 13:43:52,881 [INFO] WebApp:499 - Chromium requires no authentication
2024-02-03 13:43:52,888 [INFO] WebApp:442 - Direct internet connection detected
2024-02-03 13:43:53,039 [INFO] WebApp:192 - Starting web application
2024-02-03 13:43:53,040 [INFO] WebApp:544 - Web application path used C:\ST\STM32CubeIDE_1.14.0\STM32CubeIDE\plugins\com.st.stm32cube.common.mx_6.10.0.202311202037\db\plugins\mcufinder\reactClient1\index.html
2024-02-03 13:44:01,621 [ERROR] LogOutputStream:75 - [STDERR_REDIRECT] SLF4J: Failed to load class "org.slf4j.impl.StaticLoggerBinder".
2024-02-03 13:44:01,622 [ERROR] LogOutputStream:75 - [STDERR_REDIRECT] SLF4J: Defaulting to no-operation (NOP) logger implementation
2024-02-03 13:44:01,624 [ERROR] LogOutputStream:75 - [STDERR_REDIRECT] SLF4J: See http://www.slf4j.org/codes.html#StaticLoggerBinder for further details.
